#
# A fatal error has been detected by the Java Runtime Environment:
#
#  EXCEPTION_ACCESS_VIOLATION (0xc0000005) at pc=0x00007fff11ea1439, pid=21348, tid=5648
#
# JRE version: Java(TM) SE Runtime Environment (9.0+11) (build 9.0.4+11)
# Java VM: Java HotSpot(TM) 64-Bit Server VM (9.0.4+11, mixed mode, tiered, compressed oops, g1 gc, windows-amd64)
# Problematic frame:
# C  0x00007fff11ea1439
#
# No core dump will be written. Minidumps are not enabled by default on client versions of Windows
#
# If you would like to submit a bug report, please visit:
#   http://bugreport.java.com/bugreport/crash.jsp
# The crash happened outside the Java Virtual Machine in native code.
# See problematic frame for where to report the bug.
#

---------------  S U M M A R Y ------------

Command Line: -Dsun.java2d.pmoffscreen=false -Dsun.java2d.xrender=false -Dsun.java2d.d3d=false -Dsun.awt.nopixfmt=true -Dsun.java2d.dpiaware=true -Dsun.java2d.uiScale.enabled=false -Xverify:none -Dswing.aatext=true -XX:-UsePerfData -Djdk.map.althashing.threshold=512 -XX:StringTableSize=4072 --add-opens=java.base/java.nio=ALL-UNNAMED --add-opens=java.desktop/sun.swing=ALL-UNNAMED --add-opens=java.desktop/javax.swing=ALL-UNNAMED --add-opens=java.desktop/javax.swing.tree=ALL-UNNAMED --add-opens=java.desktop/javax.swing.plaf.basic=ALL-UNNAMED --add-opens=java.desktop/javax.swing.plaf.synth=ALL-UNNAMED --add-opens=java.desktop/com.sun.awt=ALL-UNNAMED -XX:NewSize=60m -XX:MaxNewSize=60m -Xms128m -Xmx3072m -Xss5m 

Host: AMD Ryzen 5 7535HS with Radeon Graphics        , 12 cores, 15G,  Windows 10 , 64 bit Build 22621 (10.0.22621.4830)
Time: Sat Mar 08 23:40:21 2025 India Standard Time elapsed time: 2271 seconds (0d 0h 37m 51s)

---------------  T H R E A D  ---------------

Current thread (0x0000020ea26b6800):  JavaThread "AWT-EventQueue-1" [_thread_in_native, id=5648, stack(0x000000eb7d600000,0x000000eb7db00000)]

Stack: [0x000000eb7d600000,0x000000eb7db00000],  sp=0x000000eb7daf4600,  free space=5073k
Native frames: (J=compiled Java code, j=interpreted, Vv=VM code, C=native code)
C  0x00007fff11ea1439
C  0x00007fff11eb5107
C  0x00007fff11eb4e12
C  0x00007fff11e9ac06
C  [librdi_wavedata.dll+0x125e90]
C  [librdi_wavedata.dll+0x148744]
C  [librdi_wavedata.dll+0x1e1cce]
C  [librdi_wavedata.dll+0x1e1bef]
C  [librdi_wavedata.dll+0x20cb0a]
C  [librdi_wavedata.dll+0x20aede]
C  [librdi_wavedata.dll+0x26873b]
C  [librdi_wavedata.dll+0x26a153]
C  [librdi_wavedata.dll+0x242ea0]
C  [librdi_wavedata.dll+0x242f1d]
C  [librdi_wavedata.dll+0x242fc1]
C  [librdi_wavedata.dll+0x2695c4]
C  [librdi_wavedata.dll+0x239546]
C  [librdi_wavedata.dll+0x239315]
C  [librdi_wavedata.dll+0x275c1f]
C  0x0000020ea976919c

Java frames: (J=compiled Java code, j=interpreted, Vv=VM code)
j  ui.views.waveform.waveformi.WVExecutive_getGraphicsDataSize(J)J+0
j  ui.views.waveform.executive.a.gEt()Ljava/io/ByteArrayInputStream;+8
j  ui.views.waveform.b.a.gEf()V+7
j  ui.views.waveform.b.a.fOl()V+1
j  ui.views.waveform.m.gDo()V+4
j  ui.views.waveform.m.cRi()V+11
j  ui.views.waveform.w.cRi()V+29
J 19966 c1 ui.views.waveform.c.b.j(Lui/frmwork/b/i;)V (603 bytes) @ 0x0000020eab89383c [0x0000020eab88a120+0x000000000000971c]
J 19965 c1 ui.views.waveform.w.a(Lui/frmwork/b/i;)V (17 bytes) @ 0x0000020eab033094 [0x0000020eab032fc0+0x00000000000000d4]
J 15825 c1 ui.frmwork.b.l.d(Lui/frmwork/b/i;)V (61 bytes) @ 0x0000020eab96551c [0x0000020eab964cc0+0x000000000000085c]
J 15797 c1 ui.frmwork.HTclEventBroker.i(JZ)V (471 bytes) @ 0x0000020eac00262c [0x0000020eabffde40+0x00000000000047ec]
J 15826 c1 ui.frmwork.HTclEventBroker.fireTclEvent(J)I (113 bytes) @ 0x0000020eac02fb4c [0x0000020eac02f340+0x000000000000080c]
v  ~StubRoutines::call_stub
j  ui.views.waveform.waveformi.WVExecutive_processModelEvent(JJ)V+0
j  ui.views.waveform.executive.a.eE(J)V+5
j  ui.views.waveform.c.b.eD(J)V+8
J 19966 c1 ui.views.waveform.c.b.j(Lui/frmwork/b/i;)V (603 bytes) @ 0x0000020eab894574 [0x0000020eab88a120+0x000000000000a454]
J 19965 c1 ui.views.waveform.w.a(Lui/frmwork/b/i;)V (17 bytes) @ 0x0000020eab033094 [0x0000020eab032fc0+0x00000000000000d4]
J 15825 c1 ui.frmwork.b.l.d(Lui/frmwork/b/i;)V (61 bytes) @ 0x0000020eab96551c [0x0000020eab964cc0+0x000000000000085c]
J 15797 c1 ui.frmwork.HTclEventBroker.i(JZ)V (471 bytes) @ 0x0000020eac00262c [0x0000020eabffde40+0x00000000000047ec]
J 20365 c1 ui.frmwork.HTclEventBroker$$Lambda$205.run()V (12 bytes) @ 0x0000020eaba8a25c [0x0000020eaba8a180+0x00000000000000dc]
J 13527 c2 java.awt.EventQueue$3.run()Ljava/lang/Object; java.desktop@9.0.4 (5 bytes) @ 0x0000020eb1d6ec08 [0x0000020eb1d6e900+0x0000000000000308]
v  ~StubRoutines::call_stub
J 3852  java.security.AccessController.doPrivileged(Ljava/security/PrivilegedAction;Ljava/security/AccessControlContext;)Ljava/lang/Object; java.base@9.0.4 (0 bytes) @ 0x0000020eb145b6c6 [0x0000020eb145b660+0x0000000000000066]
J 13511 c2 ui.frmwork.b.d.dispatchEvent(Ljava/awt/AWTEvent;)V (34 bytes) @ 0x0000020eb1d64094 [0x0000020eb1d63a60+0x0000000000000634]
J 21050 c2 java.awt.EventDispatchThread.pumpOneEventForFilters(I)V java.desktop@9.0.4 (218 bytes) @ 0x0000020eb1b90f18 [0x0000020eb1b90c00+0x0000000000000318]
J 18725 c2 java.awt.EventDispatchThread.pumpEventsForFilter(ILjava/awt/Conditional;Ljava/awt/EventFilter;)V java.desktop@9.0.4 (47 bytes) @ 0x0000020eb23c3d0c [0x0000020eb23c3b60+0x00000000000001ac]
j  java.awt.EventDispatchThread.pumpEventsForFilter(Ljava/awt/Conditional;Ljava/awt/EventFilter;)V+4 java.desktop@9.0.4
j  java.awt.WaitDispatchSupport$2.run()V+59 java.desktop@9.0.4
j  java.awt.WaitDispatchSupport$4.run()Ljava/lang/Void;+4 java.desktop@9.0.4
j  java.awt.WaitDispatchSupport$4.run()Ljava/lang/Object;+1 java.desktop@9.0.4
v  ~StubRoutines::call_stub
J 1047  java.security.AccessController.doPrivileged(Ljava/security/PrivilegedAction;)Ljava/lang/Object; java.base@9.0.4 (0 bytes) @ 0x0000020eb1289b32 [0x0000020eb1289ae0+0x0000000000000052]
j  java.awt.WaitDispatchSupport.enter()Z+260 java.desktop@9.0.4
j  java.awt.Dialog.show()V+225 java.desktop@9.0.4
J 12102 c1 java.awt.Component.setVisible(Z)V java.desktop@9.0.4 (6 bytes) @ 0x0000020eabb44acc [0x0000020eabb448e0+0x00000000000001ec]
j  java.awt.Window.setVisible(Z)V+2 java.desktop@9.0.4
j  java.awt.Dialog.setVisible(Z)V+2 java.desktop@9.0.4
j  ui.b.c.g.setVisible(Z)V+2
j  ui.b.c.by.showDialog()V+64
j  ui.b.c.bF.actionPerformed(Ljava/awt/event/ActionEvent;)V+8
j  ui.b.c.by.cJI()V+396
j  ui.views.c.t.b.a.run()V+60
j  ui.frmwork.a.dWF()Z+66
j  ui.frmwork.V.dYl()V+42
j  ui.bk.actionPerformed(Ljava/awt/event/ActionEvent;)V+25
j  javax.swing.AbstractButton.fireActionPerformed(Ljava/awt/event/ActionEvent;)V+84 java.desktop@9.0.4
j  ui.utils.o.b.B.fireActionPerformed(Ljava/awt/event/ActionEvent;)V+7
j  javax.swing.AbstractButton$Handler.actionPerformed(Ljava/awt/event/ActionEvent;)V+5 java.desktop@9.0.4
j  javax.swing.DefaultButtonModel.fireActionPerformed(Ljava/awt/event/ActionEvent;)V+34 java.desktop@9.0.4
j  javax.swing.DefaultButtonModel.setPressed(Z)V+117 java.desktop@9.0.4
j  javax.swing.plaf.basic.BasicButtonListener.mouseReleased(Ljava/awt/event/MouseEvent;)V+35 java.desktop@9.0.4
j  com.jidesoft.plaf.basic.BasicJideButtonListener.mouseReleased(Ljava/awt/event/MouseEvent;)V+61
J 15295 c1 java.awt.AWTEventMulticaster.mouseReleased(Ljava/awt/event/MouseEvent;)V java.desktop@9.0.4 (27 bytes) @ 0x0000020eaa9c260c [0x0000020eaa9c2400+0x000000000000020c]
J 15295 c1 java.awt.AWTEventMulticaster.mouseReleased(Ljava/awt/event/MouseEvent;)V java.desktop@9.0.4 (27 bytes) @ 0x0000020eaa9c260c [0x0000020eaa9c2400+0x000000000000020c]
J 15295 c1 java.awt.AWTEventMulticaster.mouseReleased(Ljava/awt/event/MouseEvent;)V java.desktop@9.0.4 (27 bytes) @ 0x0000020eaa9c260c [0x0000020eaa9c2400+0x000000000000020c]
J 15295 c1 java.awt.AWTEventMulticaster.mouseReleased(Ljava/awt/event/MouseEvent;)V java.desktop@9.0.4 (27 bytes) @ 0x0000020eaa9c260c [0x0000020eaa9c2400+0x000000000000020c]
J 14713 c1 java.awt.Component.processMouseEvent(Ljava/awt/event/MouseEvent;)V java.desktop@9.0.4 (100 bytes) @ 0x0000020eab0d2234 [0x0000020eab0d1ea0+0x0000000000000394]
J 14712 c1 javax.swing.JComponent.processMouseEvent(Ljava/awt/event/MouseEvent;)V java.desktop@9.0.4 (27 bytes) @ 0x0000020eab05b76c [0x0000020eab05b560+0x000000000000020c]
J 13741 c2 java.awt.Container.processEvent(Ljava/awt/AWTEvent;)V java.desktop@9.0.4 (22 bytes) @ 0x0000020eb1dc3680 [0x0000020eb1dc3520+0x0000000000000160]
J 20278 c2 java.awt.Component.dispatchEventImpl(Ljava/awt/AWTEvent;)V java.desktop@9.0.4 (739 bytes) @ 0x0000020eb2537994 [0x0000020eb2537040+0x0000000000000954]
J 20240 c2 java.awt.Container.dispatchEventImpl(Ljava/awt/AWTEvent;)V java.desktop@9.0.4 (129 bytes) @ 0x0000020eb2519b18 [0x0000020eb2519860+0x00000000000002b8]
J 20189 c2 java.awt.LightweightDispatcher.retargetMouseEvent(Ljava/awt/Component;ILjava/awt/event/MouseEvent;)V java.desktop@9.0.4 (350 bytes) @ 0x0000020eb24d5e8c [0x0000020eb24d5900+0x000000000000058c]
J 14491 c2 java.awt.LightweightDispatcher.processMouseEvent(Ljava/awt/event/MouseEvent;)Z java.desktop@9.0.4 (265 bytes) @ 0x0000020eb1e8f290 [0x0000020eb1e8eb20+0x0000000000000770]
J 20240 c2 java.awt.Container.dispatchEventImpl(Ljava/awt/AWTEvent;)V java.desktop@9.0.4 (129 bytes) @ 0x0000020eb2519d34 [0x0000020eb2519860+0x00000000000004d4]
J 17373 c2 java.awt.Window.dispatchEventImpl(Ljava/awt/AWTEvent;)V java.desktop@9.0.4 (23 bytes) @ 0x0000020eb223c90c [0x0000020eb223c8c0+0x000000000000004c]
J 13527 c2 java.awt.EventQueue$3.run()Ljava/lang/Object; java.desktop@9.0.4 (5 bytes) @ 0x0000020eb1d6eabc [0x0000020eb1d6e900+0x00000000000001bc]
v  ~StubRoutines::call_stub
J 3852  java.security.AccessController.doPrivileged(Ljava/security/PrivilegedAction;Ljava/security/AccessControlContext;)Ljava/lang/Object; java.base@9.0.4 (0 bytes) @ 0x0000020eb145b6c6 [0x0000020eb145b660+0x0000000000000066]
J 13935 c2 java.awt.EventQueue$4.run()Ljava/lang/Object; java.desktop@9.0.4 (5 bytes) @ 0x0000020eb13721b0 [0x0000020eb1371f60+0x0000000000000250]
v  ~StubRoutines::call_stub
J 3852  java.security.AccessController.doPrivileged(Ljava/security/PrivilegedAction;Ljava/security/AccessControlContext;)Ljava/lang/Object; java.base@9.0.4 (0 bytes) @ 0x0000020eb145b6c6 [0x0000020eb145b660+0x0000000000000066]
J 13511 c2 ui.frmwork.b.d.dispatchEvent(Ljava/awt/AWTEvent;)V (34 bytes) @ 0x0000020eb1d63ea8 [0x0000020eb1d63a60+0x0000000000000448]
J 21050 c2 java.awt.EventDispatchThread.pumpOneEventForFilters(I)V java.desktop@9.0.4 (218 bytes) @ 0x0000020eb1b90f18 [0x0000020eb1b90c00+0x0000000000000318]
J 18167% c2 java.awt.EventDispatchThread.pumpEventsForFilter(ILjava/awt/Conditional;Ljava/awt/EventFilter;)V java.desktop@9.0.4 (47 bytes) @ 0x0000020eb22ca058 [0x0000020eb22c9f40+0x0000000000000118]
j  java.awt.EventDispatchThread.pumpEventsForHierarchy(ILjava/awt/Conditional;Ljava/awt/Component;)V+11 java.desktop@9.0.4
j  java.awt.EventDispatchThread.pumpEvents(ILjava/awt/Conditional;)V+4 java.desktop@9.0.4
j  java.awt.EventDispatchThread.pumpEvents(Ljava/awt/Conditional;)V+3 java.desktop@9.0.4
j  java.awt.EventDispatchThread.run()V+9 java.desktop@9.0.4
v  ~StubRoutines::call_stub

siginfo: EXCEPTION_ACCESS_VIOLATION (0xc0000005), reading address 0x0000000000000044


Register to memory mapping:

RIP=0x00007fff11ea1439 is an unknown value
RAX=0x0000020ed243f1b0 is an unknown value
RBX=0x0000020ed131e3f0 is an unknown value
RCX=0x0000000000000000 is an unknown value
RDX=0x0000020ed341b9b0 is an unknown value
RSP=0x000000eb7daf4600 is pointing into the stack for thread: 0x0000020ea26b6800
RBP=0x000000eb7daf47a0 is pointing into the stack for thread: 0x0000020ea26b6800
RSI=0x0000000000000000 is an unknown value
RDI=0x000000eb7daf4760 is pointing into the stack for thread: 0x0000020ea26b6800
R8 =0x000000eb7daf46a0 is pointing into the stack for thread: 0x0000020ea26b6800
R9 =0x0000000000000018 is an unknown value
R10=0x0000000000000000 is an unknown value
R11=0x0004000000000324 is an unknown value
R12=0x0000020ec8a62c80 is an unknown value
R13=0x0000000000000001 is an unknown value
R14=0x0000020ed341b9b0 is an unknown value
R15=0x000000eb7daf46a0 is pointing into the stack for thread: 0x0000020ea26b6800


Registers:
RAX=0x0000020ed243f1b0, RBX=0x0000020ed131e3f0, RCX=0x0000000000000000, RDX=0x0000020ed341b9b0
RSP=0x000000eb7daf4600, RBP=0x000000eb7daf47a0, RSI=0x0000000000000000, RDI=0x000000eb7daf4760
R8 =0x000000eb7daf46a0, R9 =0x0000000000000018, R10=0x0000000000000000, R11=0x0004000000000324
R12=0x0000020ec8a62c80, R13=0x0000000000000001, R14=0x0000020ed341b9b0, R15=0x000000eb7daf46a0
RIP=0x00007fff11ea1439, EFLAGS=0x0000000000010206

Top of Stack: (sp=0x000000eb7daf4600)
0x000000eb7daf4600:   000000eb7daf4d30 0000000000000000
0x000000eb7daf4610:   0000000000000000 0000020ec8a62c80
0x000000eb7daf4620:   0000020ed131e3f0 0000000000000002
0x000000eb7daf4630:   fffffffffffffffe 00007fff504b1966
0x000000eb7daf4640:   0000000000000000 00000000000004f8
0x000000eb7daf4650:   000000eb7daf4d30 0000000000002000
0x000000eb7daf4660:   000000eb7daf4760 00007fff11eb5107
0x000000eb7daf4670:   00000000000004f8 0000020ed131e3f0
0x000000eb7daf4680:   0000020ed243f1b0 0000020eca1b0ac8
0x000000eb7daf4690:   0000020ed131e3f0 00007fff11eb4e12
0x000000eb7daf46a0:   0000020ed131e3f0 0000020eca1b0aa0
0x000000eb7daf46b0:   0000000000000002 0000020eca1b0aa0
0x000000eb7daf46c0:   0000020eca1b0aa0 0000000000000000
0x000000eb7daf46d0:   0000000000000000 0000020ec8a62c80
0x000000eb7daf46e0:   0000020eaaa17190 0000020eca1b0cd0
0x000000eb7daf46f0:   0000000000000001 000000eb00000000 

Instructions: (pc=0x00007fff11ea1439)
0x00007fff11ea1419:   50 48 c7 44 24 30 fe ff ff ff 48 89 5c 24 78 48
0x00007fff11ea1429:   89 b4 24 80 00 00 00 4d 8b f8 4c 8b f2 48 8b f1
0x00007fff11ea1439:   83 79 44 00 75 07 33 c0 e9 da 00 00 00 33 db 39
0x00007fff11ea1449:   59 44 75 04 8b c3 eb 06 48 8b 41 48 8b 00 8b d0 



---------------  P R O C E S S  ---------------

Java Threads: ( => current thread )
  0x0000020ec9055000 JavaThread "Relaunch Simulation" [_thread_blocked, id=23260, stack(0x000000eb02600000,0x000000eb02b00000)]
  0x0000020ec904f000 JavaThread "Image Animator 3" daemon [_thread_blocked, id=27948, stack(0x000000eb01900000,0x000000eb01e00000)]
  0x0000020ec9053000 JavaThread "SyntheticaAnimation 50" daemon [_thread_blocked, id=31452, stack(0x000000eb00f00000,0x000000eb01400000)]
  0x0000020ec9050800 JavaThread "Update Runs Swing Worker" [_thread_blocked, id=5160, stack(0x000000eb01400000,0x000000eb01900000)]
  0x0000020ec9051800 JavaThread "hw_ila_monitor" [_thread_blocked, id=31464, stack(0x000000eb00a00000,0x000000eb00f00000)]
  0x0000020ec9056000 JavaThread "Refresh Filesets Swing Worker" [_thread_blocked, id=20304, stack(0x000000eb00500000,0x000000eb00a00000)]
  0x0000020ec9054800 JavaThread "SyntheticaAnimation 70" daemon [_thread_blocked, id=11552, stack(0x000000eb00000000,0x000000eb00500000)]
  0x0000020ec9052000 JavaThread "SyntheticaAnimation 25" daemon [_thread_blocked, id=31212, stack(0x000000eb7f200000,0x000000eb7f700000)]
  0x0000020ea2ad0800 JavaThread "SyntheticaAnimation 50" daemon [_thread_blocked, id=6116, stack(0x000000eb7ed00000,0x000000eb7f200000)]
  0x0000020ea2ad1800 JavaThread "Monitor HEventQueue" [_thread_blocked, id=9564, stack(0x000000eb7e800000,0x000000eb7ed00000)]
  0x0000020ea2ad2000 JavaThread "SyntheticaCleanerThread" daemon [_thread_blocked, id=31020, stack(0x000000eb7e000000,0x000000eb7e500000)]
  0x0000020ea2ad3000 JavaThread "Batik CleanerThread" daemon [_thread_blocked, id=25996, stack(0x000000eb7cc00000,0x000000eb7d100000)]
=>0x0000020ea26b6800 JavaThread "AWT-EventQueue-1" [_thread_in_native, id=5648, stack(0x000000eb7d600000,0x000000eb7db00000)]
  0x0000020ea26b4000 JavaThread "Process Messages" [_thread_blocked, id=31112, stack(0x000000eb7d100000,0x000000eb7d600000)]
  0x0000020ec4468000 JavaThread "Thread-1" [_thread_in_native, id=30416, stack(0x000000eb75a00000,0x000000eb76e00000)]
  0x0000020ea2bb6000 JavaThread "TimerQueue" daemon [_thread_blocked, id=26848, stack(0x000000eb7c200000,0x000000eb7c700000)]
  0x0000020ea1f73000 JavaThread "AWT-Windows" daemon [_thread_in_native, id=5044, stack(0x000000eb7bd00000,0x000000eb7c200000)]
  0x0000020ea1f82800 JavaThread "AWT-Shutdown" [_thread_blocked, id=10328, stack(0x000000eb7b800000,0x000000eb7bd00000)]
  0x0000020ea1f81800 JavaThread "Java2D Disposer" daemon [_thread_blocked, id=31388, stack(0x000000eb7b300000,0x000000eb7b800000)]
  0x0000020e99fa6000 JavaThread "Service Thread" daemon [_thread_blocked, id=23692, stack(0x000000eb7ad00000,0x000000eb7b200000)]
  0x0000020e99dc8000 JavaThread "Common-Cleaner" daemon [_thread_blocked, id=27000, stack(0x000000eb7a800000,0x000000eb7ad00000)]
  0x0000020e99dc6800 JavaThread "Sweeper thread" daemon [_thread_blocked, id=21032, stack(0x000000eb7a300000,0x000000eb7a800000)]
  0x0000020e99dc5800 JavaThread "C1 CompilerThread3" daemon [_thread_blocked, id=2312, stack(0x000000eb7a200000,0x000000eb7a300000)]
  0x0000020e99dc1000 JavaThread "C2 CompilerThread2" daemon [_thread_blocked, id=7984, stack(0x000000eb7a100000,0x000000eb7a200000)]
  0x0000020e99dba800 JavaThread "C2 CompilerThread1" daemon [_thread_blocked, id=25532, stack(0x000000eb7a000000,0x000000eb7a100000)]
  0x0000020e99dba000 JavaThread "C2 CompilerThread0" daemon [_thread_blocked, id=3288, stack(0x000000eb79f00000,0x000000eb7a000000)]
  0x0000020e99db8800 JavaThread "Attach Listener" daemon [_thread_blocked, id=9252, stack(0x000000eb79a00000,0x000000eb79f00000)]
  0x0000020e99db8000 JavaThread "Signal Dispatcher" daemon [_thread_blocked, id=19248, stack(0x000000eb79500000,0x000000eb79a00000)]
  0x0000020e99daa800 JavaThread "Finalizer" daemon [_thread_blocked, id=28548, stack(0x000000eb79000000,0x000000eb79500000)]
  0x0000020e99daa000 JavaThread "Reference Handler" daemon [_thread_blocked, id=14004, stack(0x000000eb78b00000,0x000000eb79000000)]
  0x0000020e9e4c2000 JavaThread "main" [_thread_blocked, id=25708, stack(0x000000eb75900000,0x000000eb75a00000)]

Other Threads:
  0x0000020e99d96000 VMThread "VM Thread" [stack: 0x000000eb78a00000,0x000000eb78b00000] [id=29968]
  0x0000020e99b5e000 WatcherThread [stack: 0x000000eb7b200000,0x000000eb7b300000] [id=18628]
  0x0000020e9ca3a800 GCTaskThread "GC Thread#0" [stack: 0x000000eb77100000,0x000000eb77200000] [id=12540]
  0x0000020ea1a8e800 GCTaskThread "GC Thread#1" [stack: 0x000000eb77200000,0x000000eb77300000] [id=26932]
  0x0000020ea1a8c000 GCTaskThread "GC Thread#2" [stack: 0x000000eb77300000,0x000000eb77400000] [id=11308]
  0x0000020ea1a8f000 GCTaskThread "GC Thread#3" [stack: 0x000000eb77400000,0x000000eb77500000] [id=12832]
  0x0000020ea1a8f800 GCTaskThread "GC Thread#4" [stack: 0x000000eb77500000,0x000000eb77600000] [id=30648]
  0x0000020ea1a90000 GCTaskThread "GC Thread#5" [stack: 0x000000eb77600000,0x000000eb77700000] [id=26092]
  0x0000020ea1a8a000 GCTaskThread "GC Thread#6" [stack: 0x000000eb77700000,0x000000eb77800000] [id=14524]
  0x0000020ea1a8c800 GCTaskThread "GC Thread#7" [stack: 0x000000eb77800000,0x000000eb77900000] [id=30172]
  0x0000020ea1a8a800 GCTaskThread "GC Thread#8" [stack: 0x000000eb77900000,0x000000eb77a00000] [id=10800]
  0x0000020ea1a89800 GCTaskThread "GC Thread#9" [stack: 0x000000eb77a00000,0x000000eb77b00000] [id=21624]
  0x0000020ea1472000 ConcurrentGCThread "G1 Main Marker" [stack: 0x000000eb78600000,0x000000eb78700000] [id=30104]
  0x0000020ea1a8b000 ConcurrentGCThread "G1 Marker#0" [stack: 0x000000eb78700000,0x000000eb78800000] [id=25448]
  0x0000020ea1a8d000 ConcurrentGCThread "G1 Marker#1" [stack: 0x000000eb78800000,0x000000eb78900000] [id=11416]
  0x0000020ea1a8d800 ConcurrentGCThread "G1 Marker#2" [stack: 0x000000eb78900000,0x000000eb78a00000] [id=24872]
  0x0000020e9c957800 ConcurrentGCThread "G1 Refine#0" [stack: 0x000000eb78400000,0x000000eb78500000] [id=2804]
  0x0000020e9f58d000 ConcurrentGCThread "G1 Refine#1" [stack: 0x000000eb78300000,0x000000eb78400000] [id=6192]
  0x0000020e9f58c800 ConcurrentGCThread "G1 Refine#2" [stack: 0x000000eb78200000,0x000000eb78300000] [id=6512]
  0x0000020ea1476000 ConcurrentGCThread "G1 Refine#3" [stack: 0x000000eb78100000,0x000000eb78200000] [id=22932]
  0x0000020e9cf0e800 ConcurrentGCThread "G1 Refine#4" [stack: 0x000000eb78000000,0x000000eb78100000] [id=28080]
  0x0000020e9cf0d800 ConcurrentGCThread "G1 Refine#5" [stack: 0x000000eb77f00000,0x000000eb78000000] [id=13256]
  0x0000020e9e0a3800 ConcurrentGCThread "G1 Refine#6" [stack: 0x000000eb77e00000,0x000000eb77f00000] [id=27212]
  0x0000020e9f56a800 ConcurrentGCThread "G1 Refine#7" [stack: 0x000000eb77d00000,0x000000eb77e00000] [id=26796]
  0x0000020ea0f83000 ConcurrentGCThread "G1 Refine#8" [stack: 0x000000eb77c00000,0x000000eb77d00000] [id=14248]
  0x0000020ea0f82800 ConcurrentGCThread "G1 Refine#9" [stack: 0x000000eb77b00000,0x000000eb77c00000] [id=26172]
  0x0000020e9c958800 ConcurrentGCThread "G1 Young RemSet Sampling" [stack: 0x000000eb78500000,0x000000eb78600000] [id=20276]

Threads with active compile tasks:

VM state:not at safepoint (normal execution)

VM Mutex/Monitor currently owned by a thread: None

Heap address: 0x0000000700000000, size: 3072 MB, Compressed Oops mode: Zero based, Oop shift amount: 3
Narrow klass base: 0x0000000000000000, Narrow klass shift: 3
Compressed class space size: 1073741824 Address: 0x00000007c0000000

Heap:
 garbage-first heap   total 188416K, used 107378K [0x0000000700000000, 0x00000007001005c0, 0x00000007c0000000)
  region size 1024K, 39 young (39936K), 1 survivors (1024K)
 Metaspace       used 82650K, capacity 88707K, committed 88780K, reserved 1126400K
  class space    used 11210K, capacity 12278K, committed 12288K, reserved 1048576K
Heap Regions: E=young(eden), S=young(survivor), O=old, HS=humongous(starts), HC=humongous(continues), CS=collection set, F=free, A=archive, TS=gc time stamp, AC=allocation context, TAMS=top-at-mark-start (previous, next)
|   0|0x0000000700000000, 0x00000007000fa158, 0x0000000700100000| 97%| O|  |TS  0|AC  0|TAMS 0x0000000700000000, 0x0000000700000000|
|   1|0x0000000700100000, 0x0000000700200000, 0x0000000700200000|100%|HS|  |TS  0|AC  0|TAMS 0x0000000700100000, 0x0000000700100000|
|   2|0x0000000700200000, 0x0000000700300000, 0x0000000700300000|100%|HC|  |TS  0|AC  0|TAMS 0x0000000700200000, 0x0000000700200000|
|   3|0x0000000700300000, 0x0000000700400000, 0x0000000700400000|100%|HS|  |TS  0|AC  0|TAMS 0x0000000700300000, 0x0000000700300000|
|   4|0x0000000700400000, 0x00000007004f5168, 0x0000000700500000| 95%| O|  |TS  0|AC  0|TAMS 0x0000000700400000, 0x0000000700400000|
|   5|0x0000000700500000, 0x0000000700600000, 0x0000000700600000|100%| O|  |TS  0|AC  0|TAMS 0x0000000700500000, 0x0000000700500000|
|   6|0x0000000700600000, 0x0000000700700000, 0x0000000700700000|100%| O|  |TS  0|AC  0|TAMS 0x0000000700600000, 0x0000000700600000|
|   7|0x0000000700700000, 0x00000007007ffff8, 0x0000000700800000| 99%| O|  |TS  0|AC  0|TAMS 0x0000000700700000, 0x0000000700700000|
|   8|0x0000000700800000, 0x00000007008fffe0, 0x0000000700900000| 99%| O|  |TS  0|AC  0|TAMS 0x0000000700800000, 0x0000000700800000|
|   9|0x0000000700900000, 0x00000007009ffff8, 0x0000000700a00000| 99%| O|  |TS  0|AC  0|TAMS 0x0000000700900000, 0x0000000700900000|
|  10|0x0000000700a00000, 0x0000000700ae3cc8, 0x0000000700b00000| 88%| O|  |TS  0|AC  0|TAMS 0x0000000700a00000, 0x0000000700a00000|
|  11|0x0000000700b00000, 0x0000000700c00000, 0x0000000700c00000|100%|HS|  |TS  0|AC  0|TAMS 0x0000000700b00000, 0x0000000700b00000|
|  12|0x0000000700c00000, 0x0000000700cf80e8, 0x0000000700d00000| 96%| O|  |TS  0|AC  0|TAMS 0x0000000700c00000, 0x0000000700c00000|
|  13|0x0000000700d00000, 0x0000000700dcfdc0, 0x0000000700e00000| 81%| O|  |TS  0|AC  0|TAMS 0x0000000700d00000, 0x0000000700d00000|
|  14|0x0000000700e00000, 0x0000000700efe550, 0x0000000700f00000| 99%| O|  |TS  0|AC  0|TAMS 0x0000000700e00000, 0x0000000700e00000|
|  15|0x0000000700f00000, 0x0000000700ff2010, 0x0000000701000000| 94%| O|  |TS  0|AC  0|TAMS 0x0000000700f00000, 0x0000000700f00000|
|  16|0x0000000701000000, 0x00000007010fc978, 0x0000000701100000| 98%| O|  |TS  0|AC  0|TAMS 0x0000000701000000, 0x0000000701000000|
|  17|0x0000000701100000, 0x00000007011fffa0, 0x0000000701200000| 99%| O|  |TS  0|AC  0|TAMS 0x0000000701100000, 0x0000000701100000|
|  18|0x0000000701200000, 0x00000007012ffec0, 0x0000000701300000| 99%| O|  |TS  0|AC  0|TAMS 0x0000000701200000, 0x0000000701200000|
|  19|0x0000000701300000, 0x0000000701400000, 0x0000000701400000|100%| O|  |TS  0|AC  0|TAMS 0x0000000701300000, 0x0000000701300000|
|  20|0x0000000701400000, 0x00000007014ffe68, 0x0000000701500000| 99%| O|  |TS  0|AC  0|TAMS 0x0000000701400000, 0x0000000701400000|
|  21|0x0000000701500000, 0x0000000701600000, 0x0000000701600000|100%| O|  |TS  0|AC  0|TAMS 0x0000000701500000, 0x0000000701500000|
|  22|0x0000000701600000, 0x00000007016fffe0, 0x0000000701700000| 99%| O|  |TS  0|AC  0|TAMS 0x0000000701600000, 0x0000000701600000|
|  23|0x0000000701700000, 0x00000007017fffb0, 0x0000000701800000| 99%| O|  |TS  0|AC  0|TAMS 0x0000000701700000, 0x0000000701700000|
|  24|0x0000000701800000, 0x00000007018fff38, 0x0000000701900000| 99%| O|  |TS  0|AC  0|TAMS 0x0000000701800000, 0x0000000701800000|
|  25|0x0000000701900000, 0x00000007019ffff8, 0x0000000701a00000| 99%| O|  |TS  0|AC  0|TAMS 0x0000000701900000, 0x0000000701900000|
|  26|0x0000000701a00000, 0x0000000701affff0, 0x0000000701b00000| 99%| O|  |TS  0|AC  0|TAMS 0x0000000701a00000, 0x0000000701a00000|
|  27|0x0000000701b00000, 0x0000000701bffea8, 0x0000000701c00000| 99%| O|  |TS  0|AC  0|TAMS 0x0000000701b00000, 0x0000000701b00000|
|  28|0x0000000701c00000, 0x0000000701cffff0, 0x0000000701d00000| 99%| O|  |TS  0|AC  0|TAMS 0x0000000701c00000, 0x0000000701c00000|
|  29|0x0000000701d00000, 0x0000000701e00000, 0x0000000701e00000|100%| O|  |TS  0|AC  0|TAMS 0x0000000701d00000, 0x0000000701d00000|
|  30|0x0000000701e00000, 0x0000000701effd10, 0x0000000701f00000| 99%| O|  |TS  0|AC  0|TAMS 0x0000000701e00000, 0x0000000701e00000|
|  31|0x0000000701f00000, 0x0000000701fffff8, 0x0000000702000000| 99%| O|  |TS  0|AC  0|TAMS 0x0000000701f00000, 0x0000000701f00000|
|  32|0x0000000702000000, 0x0000000702100000, 0x0000000702100000|100%| O|  |TS  0|AC  0|TAMS 0x0000000702000000, 0x0000000702000000|
|  33|0x0000000702100000, 0x00000007021ffff8, 0x0000000702200000| 99%| O|  |TS  0|AC  0|TAMS 0x0000000702100000, 0x0000000702100000|
|  34|0x0000000702200000, 0x00000007022ffe98, 0x0000000702300000| 99%| O|  |TS  0|AC  0|TAMS 0x0000000702200000, 0x0000000702200000|
|  35|0x0000000702300000, 0x0000000702400000, 0x0000000702400000|100%| O|  |TS  0|AC  0|TAMS 0x0000000702300000, 0x0000000702300000|
|  36|0x0000000702400000, 0x00000007024fff78, 0x0000000702500000| 99%| O|  |TS  0|AC  0|TAMS 0x0000000702400000, 0x0000000702400000|
|  37|0x0000000702500000, 0x00000007025fe6b8, 0x0000000702600000| 99%| O|  |TS  0|AC  0|TAMS 0x0000000702500000, 0x0000000702500000|
|  38|0x0000000702600000, 0x0000000702700000, 0x0000000702700000|100%| O|  |TS  0|AC  0|TAMS 0x0000000702600000, 0x0000000702600000|
|  39|0x0000000702700000, 0x00000007027ffff0, 0x0000000702800000| 99%| O|  |TS  0|AC  0|TAMS 0x0000000702700000, 0x0000000702700000|
|  40|0x0000000702800000, 0x00000007028ffff8, 0x0000000702900000| 99%| O|  |TS  0|AC  0|TAMS 0x0000000702800000, 0x0000000702800000|
|  41|0x0000000702900000, 0x00000007029ce238, 0x0000000702a00000| 80%| O|  |TS  0|AC  0|TAMS 0x0000000702900000, 0x0000000702900000|
|  42|0x0000000702a00000, 0x0000000702affff0, 0x0000000702b00000| 99%| O|  |TS  0|AC  0|TAMS 0x0000000702a00000, 0x0000000702a00000|
|  43|0x0000000702b00000, 0x0000000702bffff8, 0x0000000702c00000| 99%| O|  |TS  0|AC  0|TAMS 0x0000000702b00000, 0x0000000702b00000|
|  44|0x0000000702c00000, 0x0000000702cffff0, 0x0000000702d00000| 99%| O|  |TS  0|AC  0|TAMS 0x0000000702c00000, 0x0000000702c00000|
|  45|0x0000000702d00000, 0x0000000702dfffe8, 0x0000000702e00000| 99%| O|  |TS  0|AC  0|TAMS 0x0000000702d00000, 0x0000000702d00000|
|  46|0x0000000702e00000, 0x0000000702f00000, 0x0000000702f00000|100%|HS|  |TS  0|AC  0|TAMS 0x0000000702e00000, 0x0000000702e00000|
|  47|0x0000000702f00000, 0x0000000703000000, 0x0000000703000000|100%|HC|  |TS  0|AC  0|TAMS 0x0000000702f00000, 0x0000000702f00000|
|  48|0x0000000703000000, 0x0000000703100000, 0x0000000703100000|100%|HC|  |TS  0|AC  0|TAMS 0x0000000703000000, 0x0000000703000000|
|  49|0x0000000703100000, 0x0000000703200000, 0x0000000703200000|100%|HC|  |TS  0|AC  0|TAMS 0x0000000703100000, 0x0000000703100000|
|  50|0x0000000703200000, 0x0000000703300000, 0x0000000703300000|100%|HC|  |TS  0|AC  0|TAMS 0x0000000703200000, 0x0000000703200000|
|  51|0x0000000703300000, 0x0000000703400000, 0x0000000703400000|100%|HC|  |TS  0|AC  0|TAMS 0x0000000703300000, 0x0000000703300000|
|  52|0x0000000703400000, 0x0000000703500000, 0x0000000703500000|100%|HC|  |TS  0|AC  0|TAMS 0x0000000703400000, 0x0000000703400000|
|  53|0x0000000703500000, 0x0000000703600000, 0x0000000703600000|100%|HC|  |TS  0|AC  0|TAMS 0x0000000703500000, 0x0000000703500000|
|  54|0x0000000703600000, 0x00000007036ffff8, 0x0000000703700000| 99%| O|  |TS  0|AC  0|TAMS 0x0000000703600000, 0x0000000703600000|
|  55|0x0000000703700000, 0x0000000703800000, 0x0000000703800000|100%| O|  |TS  0|AC  0|TAMS 0x0000000703700000, 0x0000000703700000|
|  56|0x0000000703800000, 0x00000007038fffe8, 0x0000000703900000| 99%| O|  |TS  0|AC  0|TAMS 0x0000000703800000, 0x0000000703800000|
|  57|0x0000000703900000, 0x0000000703a00000, 0x0000000703a00000|100%| O|  |TS  0|AC  0|TAMS 0x0000000703900000, 0x0000000703900000|
|  58|0x0000000703a00000, 0x0000000703b00000, 0x0000000703b00000|100%| O|  |TS  0|AC  0|TAMS 0x0000000703a00000, 0x0000000703a00000|
|  59|0x0000000703b00000, 0x0000000703bfffd8, 0x0000000703c00000| 99%| O|  |TS  0|AC  0|TAMS 0x0000000703b00000, 0x0000000703b00000|
|  60|0x0000000703c00000, 0x0000000703cfff18, 0x0000000703d00000| 99%| O|  |TS  0|AC  0|TAMS 0x0000000703c00000, 0x0000000703c00000|
|  61|0x0000000703d00000, 0x0000000703dffff0, 0x0000000703e00000| 99%| O|  |TS  0|AC  0|TAMS 0x0000000703d00000, 0x0000000703d00000|
|  62|0x0000000703e00000, 0x0000000703effff8, 0x0000000703f00000| 99%| O|  |TS  0|AC  0|TAMS 0x0000000703e00000, 0x0000000703e00000|
|  63|0x0000000703f00000, 0x0000000703fffff8, 0x0000000704000000| 99%| O|  |TS  0|AC  0|TAMS 0x0000000703f00000, 0x0000000703f00000|
|  64|0x0000000704000000, 0x00000007040145f0, 0x0000000704100000|  7%| O|  |TS  0|AC  0|TAMS 0x0000000704000000, 0x0000000704000000|
|  65|0x0000000704100000, 0x0000000704100000, 0x0000000704200000|  0%| F|  |TS  0|AC  0|TAMS 0x0000000704100000, 0x0000000704100000|
|  66|0x0000000704200000, 0x0000000704200000, 0x0000000704300000|  0%| F|  |TS  0|AC  0|TAMS 0x0000000704200000, 0x0000000704200000|
|  67|0x0000000704300000, 0x0000000704300000, 0x0000000704400000|  0%| F|  |TS  0|AC  0|TAMS 0x0000000704300000, 0x0000000704300000|
|  68|0x0000000704400000, 0x0000000704500000, 0x0000000704500000|100%|HS|  |TS  0|AC  0|TAMS 0x0000000704400000, 0x0000000704400000|
|  69|0x0000000704500000, 0x0000000704600000, 0x0000000704600000|100%|HC|  |TS  0|AC  0|TAMS 0x0000000704500000, 0x0000000704500000|
|  70|0x0000000704600000, 0x0000000704700000, 0x0000000704700000|100%|HC|  |TS  0|AC  0|TAMS 0x0000000704600000, 0x0000000704600000|
|  71|0x0000000704700000, 0x0000000704800000, 0x0000000704800000|100%|HC|  |TS  0|AC  0|TAMS 0x0000000704700000, 0x0000000704700000|
|  72|0x0000000704800000, 0x0000000704800000, 0x0000000704900000|  0%| F|  |TS  0|AC  0|TAMS 0x0000000704800000, 0x0000000704800000|
|  73|0x0000000704900000, 0x0000000704900000, 0x0000000704a00000|  0%| F|  |TS  0|AC  0|TAMS 0x0000000704900000, 0x0000000704900000|
|  74|0x0000000704a00000, 0x0000000704a00000, 0x0000000704b00000|  0%| F|  |TS  0|AC  0|TAMS 0x0000000704a00000, 0x0000000704a00000|
|  75|0x0000000704b00000, 0x0000000704b00000, 0x0000000704c00000|  0%| F|  |TS  0|AC  0|TAMS 0x0000000704b00000, 0x0000000704b00000|
|  76|0x0000000704c00000, 0x0000000704c00000, 0x0000000704d00000|  0%| F|  |TS  0|AC  0|TAMS 0x0000000704c00000, 0x0000000704c00000|
|  77|0x0000000704d00000, 0x0000000704d00000, 0x0000000704e00000|  0%| F|  |TS  0|AC  0|TAMS 0x0000000704d00000, 0x0000000704d00000|
|  78|0x0000000704e00000, 0x0000000704e00000, 0x0000000704f00000|  0%| F|  |TS  0|AC  0|TAMS 0x0000000704e00000, 0x0000000704e00000|
|  79|0x0000000704f00000, 0x0000000704f00000, 0x0000000705000000|  0%| F|  |TS  0|AC  0|TAMS 0x0000000704f00000, 0x0000000704f00000|
|  80|0x0000000705000000, 0x0000000705000000, 0x0000000705100000|  0%| F|  |TS  0|AC  0|TAMS 0x0000000705000000, 0x0000000705000000|
|  81|0x0000000705100000, 0x0000000705100000, 0x0000000705200000|  0%| F|  |TS  0|AC  0|TAMS 0x0000000705100000, 0x0000000705100000|
|  82|0x0000000705200000, 0x0000000705200000, 0x0000000705300000|  0%| F|  |TS  0|AC  0|TAMS 0x0000000705200000, 0x0000000705200000|
|  83|0x0000000705300000, 0x0000000705300000, 0x0000000705400000|  0%| F|  |TS  0|AC  0|TAMS 0x0000000705300000, 0x0000000705300000|
|  84|0x0000000705400000, 0x0000000705400000, 0x0000000705500000|  0%| F|  |TS  0|AC  0|TAMS 0x0000000705400000, 0x0000000705400000|
|  85|0x0000000705500000, 0x0000000705500000, 0x0000000705600000|  0%| F|  |TS  0|AC  0|TAMS 0x0000000705500000, 0x0000000705500000|
|  86|0x0000000705600000, 0x0000000705600000, 0x0000000705700000|  0%| F|  |TS  0|AC  0|TAMS 0x0000000705600000, 0x0000000705600000|
|  87|0x0000000705700000, 0x0000000705700000, 0x0000000705800000|  0%| F|  |TS  0|AC  0|TAMS 0x0000000705700000, 0x0000000705700000|
|  88|0x0000000705800000, 0x0000000705800000, 0x0000000705900000|  0%| F|  |TS  0|AC  0|TAMS 0x0000000705800000, 0x0000000705800000|
|  89|0x0000000705900000, 0x0000000705900000, 0x0000000705a00000|  0%| F|  |TS  0|AC  0|TAMS 0x0000000705900000, 0x0000000705900000|
|  90|0x0000000705a00000, 0x0000000705a00000, 0x0000000705b00000|  0%| F|  |TS  0|AC  0|TAMS 0x0000000705a00000, 0x0000000705a00000|
|  91|0x0000000705b00000, 0x0000000705b00000, 0x0000000705c00000|  0%| F|  |TS  0|AC  0|TAMS 0x0000000705b00000, 0x0000000705b00000|
|  92|0x0000000705c00000, 0x0000000705c00000, 0x0000000705d00000|  0%| F|  |TS  0|AC  0|TAMS 0x0000000705c00000, 0x0000000705c00000|
|  93|0x0000000705d00000, 0x0000000705d00000, 0x0000000705e00000|  0%| F|  |TS  0|AC  0|TAMS 0x0000000705d00000, 0x0000000705d00000|
|  94|0x0000000705e00000, 0x0000000705e00000, 0x0000000705f00000|  0%| F|  |TS  0|AC  0|TAMS 0x0000000705e00000, 0x0000000705e00000|
|  95|0x0000000705f00000, 0x0000000705f00000, 0x0000000706000000|  0%| F|  |TS  0|AC  0|TAMS 0x0000000705f00000, 0x0000000705f00000|
|  96|0x0000000706000000, 0x0000000706000000, 0x0000000706100000|  0%| F|  |TS  0|AC  0|TAMS 0x0000000706000000, 0x0000000706000000|
|  97|0x0000000706100000, 0x0000000706100000, 0x0000000706200000|  0%| F|  |TS  0|AC  0|TAMS 0x0000000706100000, 0x0000000706100000|
|  98|0x0000000706200000, 0x0000000706200000, 0x0000000706300000|  0%| F|  |TS  0|AC  0|TAMS 0x0000000706200000, 0x0000000706200000|
|  99|0x0000000706300000, 0x0000000706300000, 0x0000000706400000|  0%| F|  |TS  0|AC  0|TAMS 0x0000000706300000, 0x0000000706300000|
| 100|0x0000000706400000, 0x0000000706400000, 0x0000000706500000|  0%| F|  |TS  0|AC  0|TAMS 0x0000000706400000, 0x0000000706400000|
| 101|0x0000000706500000, 0x0000000706500000, 0x0000000706600000|  0%| F|  |TS  0|AC  0|TAMS 0x0000000706500000, 0x0000000706500000|
| 102|0x0000000706600000, 0x0000000706600000, 0x0000000706700000|  0%| F|  |TS  0|AC  0|TAMS 0x0000000706600000, 0x0000000706600000|
| 103|0x0000000706700000, 0x0000000706700000, 0x0000000706800000|  0%| F|  |TS  0|AC  0|TAMS 0x0000000706700000, 0x0000000706700000|
| 104|0x0000000706800000, 0x0000000706800000, 0x0000000706900000|  0%| F|  |TS  0|AC  0|TAMS 0x0000000706800000, 0x0000000706800000|
| 105|0x0000000706900000, 0x0000000706900000, 0x0000000706a00000|  0%| F|  |TS  0|AC  0|TAMS 0x0000000706900000, 0x0000000706900000|
| 106|0x0000000706a00000, 0x0000000706a00000, 0x0000000706b00000|  0%| F|  |TS  0|AC  0|TAMS 0x0000000706a00000, 0x0000000706a00000|
| 107|0x0000000706b00000, 0x0000000706b00000, 0x0000000706c00000|  0%| F|  |TS  0|AC  0|TAMS 0x0000000706b00000, 0x0000000706b00000|
| 108|0x0000000706c00000, 0x0000000706c00000, 0x0000000706d00000|  0%| F|  |TS  0|AC  0|TAMS 0x0000000706c00000, 0x0000000706c00000|
| 109|0x0000000706d00000, 0x0000000706d00000, 0x0000000706e00000|  0%| F|  |TS  0|AC  0|TAMS 0x0000000706d00000, 0x0000000706d00000|
| 110|0x0000000706e00000, 0x0000000706e00000, 0x0000000706f00000|  0%| F|  |TS  0|AC  0|TAMS 0x0000000706e00000, 0x0000000706e00000|
| 111|0x0000000706f00000, 0x0000000706f00000, 0x0000000707000000|  0%| F|  |TS  0|AC  0|TAMS 0x0000000706f00000, 0x0000000706f00000|
| 112|0x0000000707000000, 0x0000000707000000, 0x0000000707100000|  0%| F|  |TS  0|AC  0|TAMS 0x0000000707000000, 0x0000000707000000|
| 113|0x0000000707100000, 0x0000000707100000, 0x0000000707200000|  0%| F|  |TS  0|AC  0|TAMS 0x0000000707100000, 0x0000000707100000|
| 114|0x0000000707200000, 0x0000000707200000, 0x0000000707300000|  0%| F|  |TS  0|AC  0|TAMS 0x0000000707200000, 0x0000000707200000|
| 115|0x0000000707300000, 0x0000000707300000, 0x0000000707400000|  0%| F|  |TS  0|AC  0|TAMS 0x0000000707300000, 0x0000000707300000|
| 116|0x0000000707400000, 0x0000000707400000, 0x0000000707500000|  0%| F|  |TS  0|AC  0|TAMS 0x0000000707400000, 0x0000000707400000|
| 117|0x0000000707500000, 0x0000000707500000, 0x0000000707600000|  0%| F|  |TS  0|AC  0|TAMS 0x0000000707500000, 0x0000000707500000|
| 118|0x0000000707600000, 0x0000000707600000, 0x0000000707700000|  0%| F|  |TS  0|AC  0|TAMS 0x0000000707600000, 0x0000000707600000|
| 119|0x0000000707700000, 0x0000000707700000, 0x0000000707800000|  0%| F|  |TS  0|AC  0|TAMS 0x0000000707700000, 0x0000000707700000|
| 120|0x0000000707800000, 0x0000000707800000, 0x0000000707900000|  0%| F|  |TS  0|AC  0|TAMS 0x0000000707800000, 0x0000000707800000|
| 121|0x0000000707900000, 0x0000000707900000, 0x0000000707a00000|  0%| F|  |TS  0|AC  0|TAMS 0x0000000707900000, 0x0000000707900000|
| 122|0x0000000707a00000, 0x0000000707a00000, 0x0000000707b00000|  0%| F|  |TS 15|AC  0|TAMS 0x0000000707a00000, 0x0000000707a00000|
| 123|0x0000000707b00000, 0x0000000707b00000, 0x0000000707c00000|  0%| F|  |TS 13|AC  0|TAMS 0x0000000707b00000, 0x0000000707b00000|
| 124|0x0000000707c00000, 0x0000000707c74b28, 0x0000000707d00000| 45%| S|CS|TS 15|AC  0|TAMS 0x0000000707c00000, 0x0000000707c00000|
| 125|0x0000000707d00000, 0x0000000707d00000, 0x0000000707e00000|  0%| F|  |TS 15|AC  0|TAMS 0x0000000707d00000, 0x0000000707d00000|
| 126|0x0000000707e00000, 0x0000000707e00000, 0x0000000707f00000|  0%| F|  |TS 15|AC  0|TAMS 0x0000000707e00000, 0x0000000707e00000|
| 127|0x0000000707f00000, 0x0000000707f00000, 0x0000000708000000|  0%| F|  |TS 15|AC  0|TAMS 0x0000000707f00000, 0x0000000707f00000|
| 128|0x0000000708000000, 0x0000000708000000, 0x0000000708100000|  0%| F|  |TS 15|AC  0|TAMS 0x0000000708000000, 0x0000000708000000|
| 129|0x0000000708100000, 0x0000000708100000, 0x0000000708200000|  0%| F|  |TS 15|AC  0|TAMS 0x0000000708100000, 0x0000000708100000|
| 130|0x0000000708200000, 0x0000000708200000, 0x0000000708300000|  0%| F|  |TS 15|AC  0|TAMS 0x0000000708200000, 0x0000000708200000|
| 131|0x0000000708300000, 0x0000000708300000, 0x0000000708400000|  0%| F|  |TS 15|AC  0|TAMS 0x0000000708300000, 0x0000000708300000|
| 132|0x0000000708400000, 0x0000000708400000, 0x0000000708500000|  0%| F|  |TS 15|AC  0|TAMS 0x0000000708400000, 0x0000000708400000|
| 133|0x0000000708500000, 0x0000000708500000, 0x0000000708600000|  0%| F|  |TS 15|AC  0|TAMS 0x0000000708500000, 0x0000000708500000|
| 134|0x0000000708600000, 0x0000000708600000, 0x0000000708700000|  0%| F|  |TS 15|AC  0|TAMS 0x0000000708600000, 0x0000000708600000|
| 135|0x0000000708700000, 0x0000000708700000, 0x0000000708800000|  0%| F|  |TS 15|AC  0|TAMS 0x0000000708700000, 0x0000000708700000|
| 136|0x0000000708800000, 0x0000000708800000, 0x0000000708900000|  0%| F|  |TS 15|AC  0|TAMS 0x0000000708800000, 0x0000000708800000|
| 137|0x0000000708900000, 0x0000000708900000, 0x0000000708a00000|  0%| F|  |TS 15|AC  0|TAMS 0x0000000708900000, 0x0000000708900000|
| 138|0x0000000708a00000, 0x0000000708a00000, 0x0000000708b00000|  0%| F|  |TS 15|AC  0|TAMS 0x0000000708a00000, 0x0000000708a00000|
| 139|0x0000000708b00000, 0x0000000708b00000, 0x0000000708c00000|  0%| F|  |TS 15|AC  0|TAMS 0x0000000708b00000, 0x0000000708b00000|
| 140|0x0000000708c00000, 0x0000000708c00000, 0x0000000708d00000|  0%| F|  |TS 15|AC  0|TAMS 0x0000000708c00000, 0x0000000708c00000|
| 141|0x0000000708d00000, 0x0000000708d00000, 0x0000000708e00000|  0%| F|  |TS 15|AC  0|TAMS 0x0000000708d00000, 0x0000000708d00000|
| 142|0x0000000708e00000, 0x0000000708e00000, 0x0000000708f00000|  0%| F|  |TS 15|AC  0|TAMS 0x0000000708e00000, 0x0000000708e00000|
| 143|0x0000000708f00000, 0x0000000708f00000, 0x0000000709000000|  0%| F|  |TS 15|AC  0|TAMS 0x0000000708f00000, 0x0000000708f00000|
| 144|0x0000000709000000, 0x0000000709000000, 0x0000000709100000|  0%| F|  |TS 15|AC  0|TAMS 0x0000000709000000, 0x0000000709000000|
| 145|0x0000000709100000, 0x0000000709100000, 0x0000000709200000|  0%| F|  |TS 15|AC  0|TAMS 0x0000000709100000, 0x0000000709100000|
| 146|0x0000000709200000, 0x00000007092c6768, 0x0000000709300000| 77%| E|  |TS 15|AC  0|TAMS 0x0000000709200000, 0x0000000709200000|
| 147|0x0000000709300000, 0x0000000709400000, 0x0000000709400000|100%| E|CS|TS 15|AC  0|TAMS 0x0000000709300000, 0x0000000709300000|
| 148|0x0000000709400000, 0x0000000709500000, 0x0000000709500000|100%| E|CS|TS 15|AC  0|TAMS 0x0000000709400000, 0x0000000709400000|
| 149|0x0000000709500000, 0x0000000709600000, 0x0000000709600000|100%| E|CS|TS 15|AC  0|TAMS 0x0000000709500000, 0x0000000709500000|
| 150|0x0000000709600000, 0x0000000709700000, 0x0000000709700000|100%| E|CS|TS 15|AC  0|TAMS 0x0000000709600000, 0x0000000709600000|
| 151|0x0000000709700000, 0x0000000709800000, 0x0000000709800000|100%| E|CS|TS 15|AC  0|TAMS 0x0000000709700000, 0x0000000709700000|
| 152|0x0000000709800000, 0x0000000709900000, 0x0000000709900000|100%| E|CS|TS 15|AC  0|TAMS 0x0000000709800000, 0x0000000709800000|
| 153|0x0000000709900000, 0x0000000709a00000, 0x0000000709a00000|100%| E|CS|TS 15|AC  0|TAMS 0x0000000709900000, 0x0000000709900000|
| 154|0x0000000709a00000, 0x0000000709b00000, 0x0000000709b00000|100%| E|CS|TS 15|AC  0|TAMS 0x0000000709a00000, 0x0000000709a00000|
| 155|0x0000000709b00000, 0x0000000709c00000, 0x0000000709c00000|100%| E|CS|TS 15|AC  0|TAMS 0x0000000709b00000, 0x0000000709b00000|
| 156|0x0000000709c00000, 0x0000000709d00000, 0x0000000709d00000|100%| E|CS|TS 15|AC  0|TAMS 0x0000000709c00000, 0x0000000709c00000|
| 157|0x0000000709d00000, 0x0000000709e00000, 0x0000000709e00000|100%| E|CS|TS 15|AC  0|TAMS 0x0000000709d00000, 0x0000000709d00000|
| 158|0x0000000709e00000, 0x0000000709f00000, 0x0000000709f00000|100%| E|CS|TS 15|AC  0|TAMS 0x0000000709e00000, 0x0000000709e00000|
| 159|0x0000000709f00000, 0x000000070a000000, 0x000000070a000000|100%| E|CS|TS 15|AC  0|TAMS 0x0000000709f00000, 0x0000000709f00000|
| 160|0x000000070a000000, 0x000000070a100000, 0x000000070a100000|100%| E|CS|TS 15|AC  0|TAMS 0x000000070a000000, 0x000000070a000000|
| 161|0x000000070a100000, 0x000000070a200000, 0x000000070a200000|100%| E|CS|TS 15|AC  0|TAMS 0x000000070a100000, 0x000000070a100000|
| 162|0x000000070a200000, 0x000000070a300000, 0x000000070a300000|100%| E|CS|TS 15|AC  0|TAMS 0x000000070a200000, 0x000000070a200000|
| 163|0x000000070a300000, 0x000000070a400000, 0x000000070a400000|100%| E|CS|TS 15|AC  0|TAMS 0x000000070a300000, 0x000000070a300000|
| 164|0x000000070a400000, 0x000000070a500000, 0x000000070a500000|100%| E|CS|TS 15|AC  0|TAMS 0x000000070a400000, 0x000000070a400000|
| 165|0x000000070a500000, 0x000000070a600000, 0x000000070a600000|100%| E|CS|TS 15|AC  0|TAMS 0x000000070a500000, 0x000000070a500000|
| 166|0x000000070a600000, 0x000000070a700000, 0x000000070a700000|100%| E|CS|TS 15|AC  0|TAMS 0x000000070a600000, 0x000000070a600000|
| 167|0x000000070a700000, 0x000000070a800000, 0x000000070a800000|100%| E|CS|TS 15|AC  0|TAMS 0x000000070a700000, 0x000000070a700000|
| 168|0x000000070a800000, 0x000000070a900000, 0x000000070a900000|100%| E|CS|TS 15|AC  0|TAMS 0x000000070a800000, 0x000000070a800000|
| 169|0x000000070a900000, 0x000000070aa00000, 0x000000070aa00000|100%| E|CS|TS 15|AC  0|TAMS 0x000000070a900000, 0x000000070a900000|
| 170|0x000000070aa00000, 0x000000070ab00000, 0x000000070ab00000|100%| E|CS|TS 15|AC  0|TAMS 0x000000070aa00000, 0x000000070aa00000|
| 171|0x000000070ab00000, 0x000000070ac00000, 0x000000070ac00000|100%| E|CS|TS 15|AC  0|TAMS 0x000000070ab00000, 0x000000070ab00000|
| 172|0x000000070ac00000, 0x000000070ad00000, 0x000000070ad00000|100%| E|CS|TS 15|AC  0|TAMS 0x000000070ac00000, 0x000000070ac00000|
| 173|0x000000070ad00000, 0x000000070ae00000, 0x000000070ae00000|100%| E|CS|TS 15|AC  0|TAMS 0x000000070ad00000, 0x000000070ad00000|
| 174|0x000000070ae00000, 0x000000070af00000, 0x000000070af00000|100%| E|CS|TS 15|AC  0|TAMS 0x000000070ae00000, 0x000000070ae00000|
| 175|0x000000070af00000, 0x000000070b000000, 0x000000070b000000|100%| E|CS|TS 15|AC  0|TAMS 0x000000070af00000, 0x000000070af00000|
| 176|0x000000070b000000, 0x000000070b100000, 0x000000070b100000|100%| E|CS|TS 15|AC  0|TAMS 0x000000070b000000, 0x000000070b000000|
| 177|0x000000070b100000, 0x000000070b200000, 0x000000070b200000|100%| E|CS|TS 15|AC  0|TAMS 0x000000070b100000, 0x000000070b100000|
| 178|0x000000070b200000, 0x000000070b300000, 0x000000070b300000|100%| E|CS|TS 15|AC  0|TAMS 0x000000070b200000, 0x000000070b200000|
| 179|0x000000070b300000, 0x000000070b400000, 0x000000070b400000|100%| E|CS|TS 15|AC  0|TAMS 0x000000070b300000, 0x000000070b300000|
| 180|0x000000070b400000, 0x000000070b500000, 0x000000070b500000|100%| E|CS|TS 15|AC  0|TAMS 0x000000070b400000, 0x000000070b400000|
| 181|0x000000070b500000, 0x000000070b600000, 0x000000070b600000|100%| E|CS|TS 15|AC  0|TAMS 0x000000070b500000, 0x000000070b500000|
| 182|0x000000070b600000, 0x000000070b700000, 0x000000070b700000|100%| E|CS|TS 15|AC  0|TAMS 0x000000070b600000, 0x000000070b600000|
| 183|0x000000070b700000, 0x000000070b800000, 0x000000070b800000|100%| E|CS|TS 15|AC  0|TAMS 0x000000070b700000, 0x000000070b700000|

Card table byte_map: [0x0000020eb8750000,0x0000020eb8d50000] byte_map_base: 0x0000020eb4f50000

Marking Bits (Prev, Next): (CMBitMap*) 0x0000020e9d94b9c0, (CMBitMap*) 0x0000020e9d94b9f8
 Prev Bits: [0x0000020eb9350000, 0x0000020ebc350000)
 Next Bits: [0x0000020ebc350000, 0x0000020ebf350000)

Polling page: 0x0000020e95690000

CodeHeap 'non-profiled nmethods': size=120000Kb used=19499Kb max_used=20043Kb free=100500Kb
 bounds [0x0000020eb1220000, 0x0000020eb25c0000, 0x0000020eb8750000]
CodeHeap 'profiled nmethods': size=120000Kb used=41763Kb max_used=41763Kb free=78236Kb
 bounds [0x0000020ea9cf0000, 0x0000020eac620000, 0x0000020eb1220000]
CodeHeap 'non-nmethods': size=5760Kb used=1766Kb max_used=1808Kb free=3993Kb
 bounds [0x0000020ea9750000, 0x0000020ea99c0000, 0x0000020ea9cf0000]
 total_blobs=31044 nmethods=16966 adapters=1090
 compilation: enabled

Compilation events (10 events):
Event: 2269.582 Thread 0x0000020e99dc5800 21236       1       ui.frmwork.d.o::eeB (3 bytes)
Event: 2269.582 Thread 0x0000020e99dc5800 nmethod 21236 0x0000020eb1df9f10 code [0x0000020eb1dfa0c0, 0x0000020eb1dfa1b8]
Event: 2269.582 Thread 0x0000020e99dc5800 21237       1       ui.data.common.w::xH (2 bytes)
Event: 2269.582 Thread 0x0000020e99dc5800 nmethod 21237 0x0000020eb1df9c10 code [0x0000020eb1df9da0, 0x0000020eb1df9e98]
Event: 2271.170 Thread 0x0000020e99dba800 21238       4       sun.java2d.SunGraphics2D::getRenderingHints (24 bytes)
Event: 2271.172 Thread 0x0000020e99dba800 nmethod 21238 0x0000020eb1e17810 code [0x0000020eb1e179c0, 0x0000020eb1e17a98]
Event: 2271.236 Thread 0x0000020e99dc5800 21239  s    3       ui.utils.m::k (45 bytes)
Event: 2271.237 Thread 0x0000020e99dc5800 nmethod 21239 0x0000020eac60f310 code [0x0000020eac60f5a0, 0x0000020eac6106a0]
Event: 2271.622 Thread 0x0000020e99dc5800 21240       3       com.jidesoft.grid.TableUtils::a (913 bytes)
Event: 2271.626 Thread 0x0000020e99dc5800 nmethod 21240 0x0000020eac610b90 code [0x0000020eac611200, 0x0000020eac616910]

GC Heap History (10 events):
Event: 2150.241 GC heap before
{Heap before GC invocations=157 (full 29):
 garbage-first heap   total 188416K, used 129751K [0x0000000700000000, 0x00000007001005c0, 0x00000007c0000000)
  region size 1024K, 60 young (61440K), 1 survivors (1024K)
 Metaspace       used 82590K, capacity 88643K, committed 88780K, reserved 1126400K
  class space    used 11210K, capacity 12278K, committed 12288K, reserved 1048576K
}
Event: 2150.246 GC heap after
{Heap after GC invocations=158 (full 29):
 garbage-first heap   total 188416K, used 69242K [0x0000000700000000, 0x00000007001005c0, 0x00000007c0000000)
  region size 1024K, 1 young (1024K), 1 survivors (1024K)
 Metaspace       used 82590K, capacity 88643K, committed 88780K, reserved 1126400K
  class space    used 11210K, capacity 12278K, committed 12288K, reserved 1048576K
}
Event: 2183.521 GC heap before
{Heap before GC invocations=158 (full 29):
 garbage-first heap   total 188416K, used 129658K [0x0000000700000000, 0x00000007001005c0, 0x00000007c0000000)
  region size 1024K, 60 young (61440K), 1 survivors (1024K)
 Metaspace       used 82591K, capacity 88643K, committed 88780K, reserved 1126400K
  class space    used 11210K, capacity 12278K, committed 12288K, reserved 1048576K
}
Event: 2183.525 GC heap after
{Heap after GC invocations=159 (full 29):
 garbage-first heap   total 188416K, used 69373K [0x0000000700000000, 0x00000007001005c0, 0x00000007c0000000)
  region size 1024K, 1 young (1024K), 1 survivors (1024K)
 Metaspace       used 82591K, capacity 88643K, committed 88780K, reserved 1126400K
  class space    used 11210K, capacity 12278K, committed 12288K, reserved 1048576K
}
Event: 2229.683 GC heap before
{Heap before GC invocations=159 (full 29):
 garbage-first heap   total 188416K, used 129789K [0x0000000700000000, 0x00000007001005c0, 0x00000007c0000000)
  region size 1024K, 60 young (61440K), 1 survivors (1024K)
 Metaspace       used 82593K, capacity 88643K, committed 88780K, reserved 1126400K
  class space    used 11210K, capacity 12278K, committed 12288K, reserved 1048576K
}
Event: 2229.687 GC heap after
{Heap after GC invocations=160 (full 29):
 garbage-first heap   total 188416K, used 69439K [0x0000000700000000, 0x00000007001005c0, 0x00000007c0000000)
  region size 1024K, 1 young (1024K), 1 survivors (1024K)
 Metaspace       used 82593K, capacity 88643K, committed 88780K, reserved 1126400K
  class space    used 11210K, capacity 12278K, committed 12288K, reserved 1048576K
}
Event: 2263.924 GC heap before
{Heap before GC invocations=160 (full 29):
 garbage-first heap   total 188416K, used 129855K [0x0000000700000000, 0x00000007001005c0, 0x00000007c0000000)
  region size 1024K, 61 young (62464K), 1 survivors (1024K)
 Metaspace       used 82616K, capacity 88643K, committed 88780K, reserved 1126400K
  class space    used 11210K, capacity 12278K, committed 12288K, reserved 1048576K
}
Event: 2263.927 GC heap after
{Heap after GC invocations=161 (full 29):
 garbage-first heap   total 188416K, used 69512K [0x0000000700000000, 0x00000007001005c0, 0x00000007c0000000)
  region size 1024K, 1 young (1024K), 1 survivors (1024K)
 Metaspace       used 82616K, capacity 88643K, committed 88780K, reserved 1126400K
  class space    used 11210K, capacity 12278K, committed 12288K, reserved 1048576K
}
Event: 2264.561 GC heap before
{Heap before GC invocations=161 (full 29):
 garbage-first heap   total 188416K, used 129928K [0x0000000700000000, 0x00000007001005c0, 0x00000007c0000000)
  region size 1024K, 60 young (61440K), 1 survivors (1024K)
 Metaspace       used 82629K, capacity 88643K, committed 88780K, reserved 1126400K
  class space    used 11210K, capacity 12278K, committed 12288K, reserved 1048576K
}
Event: 2264.564 GC heap after
{Heap after GC invocations=162 (full 29):
 garbage-first heap   total 188416K, used 69490K [0x0000000700000000, 0x00000007001005c0, 0x00000007c0000000)
  region size 1024K, 1 young (1024K), 1 survivors (1024K)
 Metaspace       used 82629K, capacity 88643K, committed 88780K, reserved 1126400K
  class space    used 11210K, capacity 12278K, committed 12288K, reserved 1048576K
}

Deoptimization events (10 events):
Event: 1946.817 Thread 0x0000020ea26b6800 Uncommon trap: reason=array_check action=maybe_recompile pc=0x0000020eb160e284 method=java.util.TimSort.mergeLo(IIII)V @ 81 c2
Event: 2038.592 Thread 0x0000020ea26b6800 Uncommon trap: reason=unstable_if action=reinterpret pc=0x0000020eb2502988 method=java.awt.ModalEventFilter.acceptEvent(Ljava/awt/AWTEvent;)Ljava/awt/EventFilter$FilterAction; @ 58 c2
Event: 2048.700 Thread 0x0000020ea26b6800 Uncommon trap: reason=unstable_if action=reinterpret pc=0x0000020eb24e8924 method=java.awt.EventQueue.coalesceMouseEvent(Ljava/awt/event/MouseEvent;)Z @ 12 c2
Event: 2065.386 Thread 0x0000020ea26b6800 Uncommon trap: reason=class_check action=maybe_recompile pc=0x0000020eb1ec5910 method=javax.swing.Autoscroller._processMouseDragged(Ljava/awt/event/MouseEvent;)V @ 4 c2
Event: 2065.404 Thread 0x0000020ea26b6800 Uncommon trap: reason=unstable_if action=reinterpret pc=0x0000020eb17414bc method=ui.data.o.b.c.l.g(Lui/data/o/a;II)V @ 122 c2
Event: 2065.415 Thread 0x0000020ea26b6800 Uncommon trap: reason=class_check action=maybe_recompile pc=0x0000020eb1ec5910 method=javax.swing.Autoscroller._processMouseDragged(Ljava/awt/event/MouseEvent;)V @ 4 c2
Event: 2065.418 Thread 0x0000020ea26b6800 Uncommon trap: reason=unloaded action=reinterpret pc=0x0000020eb2543024 method=ui.data.o.e.c.a(Ljava/io/InputStream;Lui/data/o/d/f;)Ljava/lang/Object; @ 354 c2
Event: 2065.437 Thread 0x0000020ea26b6800 Uncommon trap: reason=null_assert_or_unreached0 action=make_not_entrant pc=0x0000020eb24d4d98 method=ui.data.o.b.c.g.<init>(Ljava/lang/Object;Lui/data/o/d/f;)V @ 45 c2
Event: 2094.407 Thread 0x0000020ec9055000 Uncommon trap: reason=unstable_if action=reinterpret pc=0x0000020eb20683ec method=ui.frmwork.d.l.a(Lui/frmwork/d/c;ZZLjava/lang/String;)Lui/frmwork/d/e; @ 17 c2
Event: 2229.671 Thread 0x0000020ea26b6800 Uncommon trap: reason=predicate action=maybe_recompile pc=0x0000020eb1b89db0 method=java.util.TimSort.mergeLo(IIII)V @ 153 c2

Classes redefined (0 events):
No events

Internal exceptions (10 events):
Event: 1724.017 Thread 0x0000020ea26b6800 Exception <a 'java/lang/NoSuchMethodError'{0x0000000709afc668}: java.lang.invoke.DelegatingMethodHandle$Holder.reinvoke_L(Ljava/lang/Object;IIILjava/lang/Object;Ljava/lang/Object;ILjava/lang/Object;II)Ljava/lang/Object;> (0x0000000709afc668) thrown at [t:
Event: 1724.018 Thread 0x0000020ea26b6800 Exception <a 'java/lang/NoSuchMethodError'{0x000000070991adb0}: method resolution failed> (0x000000070991adb0) thrown at [t:/workspace/hotspot/src/share/vm/prims/methodHandles.cpp, line 1256]
Event: 1724.087 Thread 0x0000020ea26b6800 Exception <a 'java/lang/NoSuchMethodError'{0x00000007092cf5f8}: java.lang.invoke.DirectMethodHandle$Holder.invokeSpecial(Ljava/lang/Object;Ljava/lang/Object;ILjava/lang/Object;)V> (0x00000007092cf5f8) thrown at [t:/workspace/hotspot/src/share/vm/interpret
Event: 1724.088 Thread 0x0000020ea26b6800 Exception <a 'java/lang/NoSuchMethodError'{0x00000007092d4f20}: java.lang.invoke.DirectMethodHandle$Holder.invokeStatic(Ljava/lang/Object;Ljava/lang/Object;ILjava/lang/Object;)Ljava/lang/Object;> (0x00000007092d4f20) thrown at [t:/workspace/hotspot/src/sh
Event: 1814.280 Thread 0x0000020ea26b6800 Implicit null exception at 0x0000020eb1f609bb to 0x0000020eb1f62379
Event: 1832.034 Thread 0x0000020ea26b6800 Implicit null exception at 0x0000020eb1844154 to 0x0000020eb18447c5
Event: 1847.309 Thread 0x0000020ea26b6800 Exception <a 'java/lang/NoSuchMethodError'{0x000000070b2b55a0}: java.lang.invoke.DirectMethodHandle$Holder.invokeSpecial(Ljava/lang/Object;Ljava/lang/Object;IILjava/lang/Object;ILjava/lang/Object;I)Ljava/lang/Object;> (0x000000070b2b55a0) thrown at [t:/wo
Event: 1847.309 Thread 0x0000020ea26b6800 Exception <a 'java/lang/NoSuchMethodError'{0x000000070b2b8d10}: java.lang.invoke.DelegatingMethodHandle$Holder.reinvoke_L(Ljava/lang/Object;IILjava/lang/Object;ILjava/lang/Object;I)Ljava/lang/Object;> (0x000000070b2b8d10) thrown at [t:/workspace/hotspot/s
Event: 1847.310 Thread 0x0000020ea26b6800 Exception <a 'java/lang/NoSuchMethodError'{0x000000070b2e8a00}: method resolution failed> (0x000000070b2e8a00) thrown at [t:/workspace/hotspot/src/share/vm/prims/methodHandles.cpp, line 1256]
Event: 2048.700 Thread 0x0000020ea26b6800 Implicit null exception at 0x0000020eb24e688e to 0x0000020eb24e8908

Events (10 events):
Event: 2267.576 Thread 0x0000020ec9056800 Thread added: 0x0000020ec9056800
Event: 2267.581 Thread 0x0000020ec9056800 Thread exited: 0x0000020ec9056800
Event: 2268.576 Thread 0x0000020ec9056800 Thread added: 0x0000020ec9056800
Event: 2268.581 Thread 0x0000020ec9056800 Thread exited: 0x0000020ec9056800
Event: 2269.577 Thread 0x0000020ec9056800 Thread added: 0x0000020ec9056800
Event: 2269.581 Thread 0x0000020ec9056800 Thread exited: 0x0000020ec9056800
Event: 2270.578 Thread 0x0000020ec9050000 Thread added: 0x0000020ec9050000
Event: 2270.581 Thread 0x0000020ec9050000 Thread exited: 0x0000020ec9050000
Event: 2271.578 Thread 0x0000020ec9056800 Thread added: 0x0000020ec9056800
Event: 2271.583 Thread 0x0000020ec9056800 Thread exited: 0x0000020ec9056800


Dynamic libraries:
0x00007ff656f00000 - 0x00007ff656f30000 	C:\Xilinx\Vivado\2019.1\bin\unwrapped\win64.o\vivado.exe
0x00007fff531f0000 - 0x00007fff53407000 	C:\windows\SYSTEM32\ntdll.dll
0x00007fff51a40000 - 0x00007fff51b04000 	C:\windows\System32\KERNEL32.DLL
0x00007fff50970000 - 0x00007fff50d40000 	C:\windows\System32\KERNELBASE.dll
0x00007fff504a0000 - 0x00007fff505b1000 	C:\windows\System32\ucrtbase.dll
0x00007fff2d150000 - 0x00007fff2d1dd000 	C:\windows\SYSTEM32\MSVCP140.dll
0x00007fff46a70000 - 0x00007fff46a84000 	C:\Xilinx\Vivado\2019.1\lib\win64.o\libboost_signals.dll
0x00007fff37ba0000 - 0x00007fff37bb4000 	C:\Xilinx\Vivado\2019.1\lib\win64.o\librdi_commonmain.dll
0x00007fff4a1e0000 - 0x00007fff4a1fe000 	C:\windows\SYSTEM32\VCRUNTIME140.dll
0x00007ffef0a30000 - 0x00007ffef1912000 	C:\Xilinx\Vivado\2019.1\lib\win64.o\librdi_common.dll
0x00007fff4c1a0000 - 0x00007fff4c1ac000 	C:\windows\SYSTEM32\VCRUNTIME140_1.dll
0x00007fff52950000 - 0x00007fff52afe000 	C:\windows\System32\USER32.dll
0x00007fff36c90000 - 0x00007fff36cb6000 	C:\Xilinx\Vivado\2019.1\lib\win64.o\libboost_filesystem.dll
0x00007fff505c0000 - 0x00007fff505e6000 	C:\windows\System32\win32u.dll
0x00007fff51cd0000 - 0x00007fff51d81000 	C:\windows\System32\ADVAPI32.dll
0x00007fff51db0000 - 0x00007fff51dd9000 	C:\windows\System32\GDI32.dll
0x00007fff4b2a0000 - 0x00007fff4b2aa000 	C:\Xilinx\Vivado\2019.1\lib\win64.o\librdi_commonversion.dll
0x00007fff515a0000 - 0x00007fff51647000 	C:\windows\System32\msvcrt.dll
0x00007fff50d40000 - 0x00007fff50e5b000 	C:\windows\System32\gdi32full.dll
0x00007fff28040000 - 0x00007fff28161000 	C:\Xilinx\Vivado\2019.1\lib\win64.o\librdi_commonxillic.dll
0x00007fff52020000 - 0x00007fff520c7000 	C:\windows\System32\sechost.dll
0x00007fff506b0000 - 0x00007fff5074a000 	C:\windows\System32\msvcp_win.dll
0x0000000071070000 - 0x000000007119b000 	C:\Xilinx\Vivado\2019.1\lib\win64.o\tcl85t.dll
0x00007fff508c0000 - 0x00007fff508e8000 	C:\windows\System32\bcrypt.dll
0x00007fff50ee0000 - 0x00007fff50f51000 	C:\windows\System32\WS2_32.dll
0x00007fff520d0000 - 0x00007fff52948000 	C:\windows\System32\SHELL32.dll
0x00007fff51de0000 - 0x00007fff51ef4000 	C:\windows\System32\RPCRT4.dll
0x00007fff13b80000 - 0x00007fff13eee000 	C:\Xilinx\Vivado\2019.1\lib\win64.o\libCOIN-all.dll
0x00007fff36aa0000 - 0x00007fff36ab4000 	C:\Xilinx\Vivado\2019.1\lib\win64.o\libboost_date_time.dll
0x00007fff2d0d0000 - 0x00007fff2d14f000 	C:\Xilinx\Vivado\2019.1\lib\win64.o\libboost_program_options.dll
0x00007fff4b200000 - 0x00007fff4b20b000 	C:\Xilinx\Vivado\2019.1\lib\win64.o\libboost_system.dll
0x00007fff24600000 - 0x00007fff24714000 	C:\Xilinx\Vivado\2019.1\lib\win64.o\libboost_regex.dll
0x00007fff36a00000 - 0x00007fff36a21000 	C:\Xilinx\Vivado\2019.1\lib\win64.o\libboost_thread.dll
0x00007fff4a030000 - 0x00007fff4a03f000 	C:\Xilinx\Vivado\2019.1\lib\win64.o\libboost_xilinx.dll
0x00007fff2cfe0000 - 0x00007fff2d062000 	C:\Xilinx\Vivado\2019.1\lib\win64.o\libhdlpsolve.dll
0x00007fff1e0d0000 - 0x00007fff1e175000 	C:\Xilinx\Vivado\2019.1\lib\win64.o\libhdxml.dll
0x00007ffe8b3f0000 - 0x00007ffe8bf9f400 	C:\Xilinx\Vivado\2019.1\lib\win64.o\libisl_iostreams.dll
0x00007fff35190000 - 0x00007fff351f5000 	C:\Xilinx\Vivado\2019.1\lib\win64.o\liblmx6.0.dll
0x00007fff36700000 - 0x00007fff3672e000 	C:\Xilinx\Vivado\2019.1\lib\win64.o\libisl_sysinfo.dll
0x00007fff366e0000 - 0x00007fff366fa000 	C:\Xilinx\Vivado\2019.1\lib\win64.o\pthreadVC2.dll
0x00007fff366b0000 - 0x00007fff366cc000 	C:\Xilinx\Vivado\2019.1\lib\win64.o\librdiconfig.dll
0x00007fff36600000 - 0x00007fff36621000 	C:\Xilinx\Vivado\2019.1\lib\win64.o\librdizlib.dll
0x0000000012000000 - 0x0000000012270000 	C:\Xilinx\Vivado\2019.1\lib\win64.o\xerces-c_3_1.dll
0x00007fff138a0000 - 0x00007fff13b78000 	C:\Xilinx\Vivado\2019.1\lib\win64.o\libXil_lmgr11.dll
0x00007fff51490000 - 0x00007fff51592000 	C:\windows\System32\COMDLG32.dll
0x00007fff516b0000 - 0x00007fff51a40000 	C:\windows\System32\combase.dll
0x00007fff2eb90000 - 0x00007fff2eba9000 	C:\windows\SYSTEM32\NETAPI32.dll
0x00007fff52c20000 - 0x00007fff52d2a000 	C:\windows\System32\shcore.dll
0x00007fff2e340000 - 0x00007fff2e83e000 	C:\windows\SYSTEM32\WININET.dll
0x00007fff4b9c0000 - 0x00007fff4baec000 	C:\windows\SYSTEM32\WINHTTP.dll
0x00007fff50f60000 - 0x00007fff50fbe000 	C:\windows\System32\SHLWAPI.dll
0x00007fff2f640000 - 0x00007fff2f835000 	C:\windows\SYSTEM32\urlmon.dll
0x00007fff52b00000 - 0x00007fff52bd7000 	C:\windows\System32\OLEAUT32.dll
0x00007ffedf960000 - 0x00007ffedf969000 	C:\windows\SYSTEM32\WSOCK32.dll
0x00007fff511f0000 - 0x00007fff51391000 	C:\windows\System32\ole32.dll
0x00007fff36480000 - 0x00007fff364b0000 	C:\windows\SYSTEM32\VCOMP140.DLL
0x00007fff508f0000 - 0x00007fff50962000 	C:\windows\System32\WINTRUST.dll
0x00007ffe8a550000 - 0x00007ffe8b3e1000 	C:\Xilinx\Vivado\2019.1\lib\win64.o\gurobi65.dll
0x00007fff50750000 - 0x00007fff508b6000 	C:\windows\System32\CRYPT32.dll
0x00007fff49ec0000 - 0x00007fff49ecd000 	C:\Xilinx\Vivado\2019.1\lib\win64.o\libboost_chrono.dll
0x00007fff36330000 - 0x00007fff3634b000 	C:\Xilinx\Vivado\2019.1\lib\win64.o\libboost_iostreams.dll
0x00007fff36220000 - 0x00007fff36245000 	C:\Xilinx\Vivado\2019.1\lib\win64.o\libisl_iosutils.dll
0x00007fff2f380000 - 0x00007fff2f63f000 	C:\windows\SYSTEM32\iertutil.dll
0x00007fff3a030000 - 0x00007fff3a0e3000 	C:\windows\WinSxS\amd64_microsoft.windows.common-controls_6595b64144ccf1df_5.82.22621.3527_none_b43b7f4b638cc64f\COMCTL32.dll
0x00007fff2f350000 - 0x00007fff2f378000 	C:\windows\SYSTEM32\srvcli.dll
0x00007fff4e3b0000 - 0x00007fff4ecc0000 	C:\windows\SYSTEM32\windows.storage.dll
0x00007fff4f250000 - 0x00007fff4f25c000 	C:\windows\SYSTEM32\netutils.dll
0x00007fff4b7a0000 - 0x00007fff4b7bf000 	C:\windows\SYSTEM32\dhcpcsvc.DLL
0x00007fff4e270000 - 0x00007fff4e3af000 	C:\windows\SYSTEM32\wintypes.dll
0x00007fff52be0000 - 0x00007fff52c11000 	C:\windows\System32\IMM32.DLL
0x00007fff4fd00000 - 0x00007fff4fd12000 	C:\windows\SYSTEM32\MSASN1.dll
0x00007fff4f5a0000 - 0x00007fff4f5b8000 	C:\windows\SYSTEM32\kernel.appcore.dll
0x00007ffefabb0000 - 0x00007ffefb0c7000 	C:\Xilinx\Vivado\2019.1\lib\win64.o\librdi_commontasks.dll
0x00007fff4a020000 - 0x00007fff4a02a000 	C:\windows\SYSTEM32\VERSION.dll
0x00007fff01020000 - 0x00007fff012a6000 	C:\Xilinx\Vivado\2019.1\lib\win64.o\librdi_sio.dll
0x00007fff4efc0000 - 0x00007fff4efed000 	C:\windows\SYSTEM32\IPHLPAPI.DLL
0x0000000070640000 - 0x0000000071065000 	C:\Xilinx\Vivado\2019.1\tps\win64\jre9.0.4\bin\server\jvm.dll
0x00007fff51f90000 - 0x00007fff51f98000 	C:\windows\System32\PSAPI.DLL
0x00007fff4af50000 - 0x00007fff4af84000 	C:\windows\SYSTEM32\WINMM.dll
0x00007fff1c6a0000 - 0x00007fff1c78f000 	C:\windows\SYSTEM32\MSVCR120.dll
0x00007fff4fa50000 - 0x00007fff4faba000 	C:\windows\SYSTEM32\MSWSOCK.DLL
0x00007ffe88090000 - 0x00007ffe8a54c000 	C:\Xilinx\Vivado\2019.1\lib\win64.o\librdi_tcltasks.dll
0x00007fff1e9c0000 - 0x00007fff1ea38000 	C:\Xilinx\Vivado\2019.1\lib\win64.o\librdi_boarddep.dll
0x00007ffefe760000 - 0x00007ffefeb68000 	C:\Xilinx\Vivado\2019.1\lib\win64.o\librdi_bitstream.dll
0x00007fff16910000 - 0x00007fff169fb000 	C:\Xilinx\Vivado\2019.1\lib\win64.o\librdi_chipscope.dll
0x00007fff115c0000 - 0x00007fff11751000 	C:\Xilinx\Vivado\2019.1\lib\win64.o\librdi_board.dll
0x00007fff01df0000 - 0x00007fff01fad000 	C:\Xilinx\Vivado\2019.1\lib\win64.o\librdi_chipscopeimpl.dll
0x00007fff01600000 - 0x00007fff01756000 	C:\Xilinx\Vivado\2019.1\lib\win64.o\librdi_containers.dll
0x00007ffe866a0000 - 0x00007ffe8808a000 	C:\Xilinx\Vivado\2019.1\lib\win64.o\librdi_constraints.dll
0x00007ffe847e0000 - 0x00007ffe86691000 	C:\Xilinx\Vivado\2019.1\lib\win64.o\librdi_coregen.dll
0x00007ffefa890000 - 0x00007ffefabae000 	C:\Xilinx\Vivado\2019.1\lib\win64.o\librdi_dlyest.dll
0x00007ffe78a50000 - 0x00007ffe7ca93000 	C:\Xilinx\Vivado\2019.1\lib\win64.o\librdi_designutils.dll
0x00007ffef0350000 - 0x00007ffef0a2a000 	C:\Xilinx\Vivado\2019.1\lib\win64.o\librdi_coregenipxact.dll
0x00007fff11c30000 - 0x00007fff11cf4000 	C:\Xilinx\Vivado\2019.1\lib\win64.o\librdi_dsp.dll
0x00007ffe84190000 - 0x00007ffe847dd000 	C:\Xilinx\Vivado\2019.1\lib\win64.o\librdi_filemgmt.dll
0x00007ffef1c80000 - 0x00007ffef1f63000 	C:\Xilinx\Vivado\2019.1\lib\win64.o\librdi_guitools.dll
0x00007ffee8380000 - 0x00007ffee891a000 	C:\Xilinx\Vivado\2019.1\lib\win64.o\librdi_drc.dll
0x00007fff1ea80000 - 0x00007fff1eae5000 	C:\Xilinx\Vivado\2019.1\lib\win64.o\librdi_hdf.dll
0x00007ffe83b70000 - 0x00007ffe84185000 	C:\Xilinx\Vivado\2019.1\lib\win64.o\librdi_memdata.dll
0x00007fff1e050000 - 0x00007fff1e0c3000 	C:\Xilinx\Vivado\2019.1\lib\win64.o\librdi_memoryarray.dll
0x00007ffe7fb10000 - 0x00007ffe810d0000 	C:\Xilinx\Vivado\2019.1\lib\win64.o\librdi_implflow.dll
0x00007fff35ea0000 - 0x00007fff35eeb000 	C:\Xilinx\Vivado\2019.1\lib\win64.o\librdi_pfi.dll
0x00007ffe834c0000 - 0x00007ffe83b62000 	C:\Xilinx\Vivado\2019.1\lib\win64.o\librdi_netlist.dll
0x00007ffe63930000 - 0x00007ffe66616000 	C:\Xilinx\Vivado\2019.1\lib\win64.o\librdi_mig.dll
0x00007ffe66620000 - 0x00007ffe78a4c000 	C:\Xilinx\Vivado\2019.1\lib\win64.o\librdi_device.dll
0x00007ffe612b0000 - 0x00007ffe63926000 	C:\Xilinx\Vivado\2019.1\lib\win64.o\librdi_place.dll
0x00007ffee8070000 - 0x00007ffee837f000 	C:\Xilinx\Vivado\2019.1\lib\win64.o\librdi_platform.dll
0x00007ffe81550000 - 0x00007ffe81acf000 	C:\Xilinx\Vivado\2019.1\lib\win64.o\librdi_project.dll
0x00007ffe81ad0000 - 0x00007ffe8221a000 	C:\Xilinx\Vivado\2019.1\lib\win64.o\librdi_power.dll
0x00007ffe7f400000 - 0x00007ffe7fb09000 	C:\Xilinx\Vivado\2019.1\lib\win64.o\librdi_psta.dll
0x00007ffee5ee0000 - 0x00007ffee62d1000 	C:\Xilinx\Vivado\2019.1\lib\win64.o\librdi_runs.dll
0x00007fff10700000 - 0x00007fff107fa000 	C:\Xilinx\Vivado\2019.1\lib\win64.o\librdi_runsbase.dll
0x00007ffe7ecf0000 - 0x00007ffe7f3f6000 	C:\Xilinx\Vivado\2019.1\lib\win64.o\librdi_rsb.dll
0x00007ffe7ded0000 - 0x00007ffe7ece1000 	C:\Xilinx\Vivado\2019.1\lib\win64.o\librdi_timing.dll
0x00007ffef63c0000 - 0x00007ffef6616000 	C:\Xilinx\Vivado\2019.1\lib\win64.o\librdi_simdata.dll
0x00007ffefeee0000 - 0x00007ffeff052000 	C:\Xilinx\Vivado\2019.1\lib\win64.o\librdi_advchipscopeimpl.dll
0x00007fff2d520000 - 0x00007fff2d56c000 	C:\Xilinx\Vivado\2019.1\lib\win64.o\libboost_serialization.dll
0x00007fff0ffa0000 - 0x00007fff10062000 	C:\Xilinx\Vivado\2019.1\lib\win64.o\librdi_ipconfig_readwrite.dll
0x00007ffefa6f0000 - 0x00007ffefa88f000 	C:\Xilinx\Vivado\2019.1\lib\win64.o\librdi_hip_devdesign.dll
0x00007fff24560000 - 0x00007fff245a3000 	C:\Xilinx\Vivado\2019.1\lib\win64.o\librdi_noc_frameworks.dll
0x00007fff19a00000 - 0x00007fff19a9e000 	C:\Xilinx\Vivado\2019.1\lib\win64.o\libise.dll
0x00007ffe60760000 - 0x00007ffe612a7000 	C:\Xilinx\Vivado\2019.1\lib\win64.o\libverific.dll
0x00007ffea73c0000 - 0x00007ffea77a5000 	C:\Xilinx\Vivado\2019.1\lib\win64.o\librdi_hip_config.dll
0x00007ffe7d980000 - 0x00007ffe7dece000 	C:\Xilinx\Vivado\2019.1\lib\win64.o\librdi_xdm.dll
0x00007fff1d0e0000 - 0x00007fff1d120000 	C:\Xilinx\Vivado\2019.1\lib\win64.o\librdi_wavedata_SimpleApi.dll
0x00007ffe60160000 - 0x00007ffe6075c000 	C:\Xilinx\Vivado\2019.1\lib\win64.o\librdi_wavedata.dll
0x00007fff1c7c0000 - 0x00007fff1c7ff000 	C:\Xilinx\Vivado\2019.1\lib\win64.o\librdi_schedmon.dll
0x00007ffef1a20000 - 0x00007ffef1c79000 	C:\Xilinx\Vivado\2019.1\lib\win64.o\librdi_hsm.dll

VM Arguments:
jvm_args: -Dsun.java2d.pmoffscreen=false -Dsun.java2d.xrender=false -Dsun.java2d.d3d=false -Dsun.awt.nopixfmt=true -Dsun.java2d.dpiaware=true -Dsun.java2d.uiScale.enabled=false -Xverify:none -Dswing.aatext=true -XX:-UsePerfData -Djdk.map.althashing.threshold=512 -XX:StringTableSize=4072 --add-opens=java.base/java.nio=ALL-UNNAMED --add-opens=java.desktop/sun.swing=ALL-UNNAMED --add-opens=java.desktop/javax.swing=ALL-UNNAMED --add-opens=java.desktop/javax.swing.tree=ALL-UNNAMED --add-opens=java.desktop/javax.swing.plaf.basic=ALL-UNNAMED --add-opens=java.desktop/javax.swing.plaf.synth=ALL-UNNAMED --add-opens=java.desktop/com.sun.awt=ALL-UNNAMED -XX:NewSize=60m -XX:MaxNewSize=60m -Xms128m -Xmx3072m -Xss5m 
java_command: <unknown>
java_class_path (initial): C:/Xilinx/Vivado/2019.1\lib\classes\alloy.jar;C:/Xilinx/Vivado/2019.1\lib\classes\autopilot.scelaborator.jar;C:/Xilinx/Vivado/2019.1\lib\classes\autopilot.sourceprocessor.jar;C:/Xilinx/Vivado/2019.1\lib\classes\autopilot.tbprocessor.jar;C:/Xilinx/Vivado/2019.1\lib\classes\batik-anim.jar;C:/Xilinx/Vivado/2019.1\lib\classes\batik-awt-util.jar;C:/Xilinx/Vivado/2019.1\lib\classes\batik-bridge.jar;C:/Xilinx/Vivado/2019.1\lib\classes\batik-codec.jar;C:/Xilinx/Vivado/2019.1\lib\classes\batik-css.jar;C:/Xilinx/Vivado/2019.1\lib\classes\batik-dom.jar;C:/Xilinx/Vivado/2019.1\lib\classes\batik-ext.jar;C:/Xilinx/Vivado/2019.1\lib\classes\batik-gui-util.jar;C:/Xilinx/Vivado/2019.1\lib\classes\batik-gvt.jar;C:/Xilinx/Vivado/2019.1\lib\classes\batik-parser.jar;C:/Xilinx/Vivado/2019.1\lib\classes\batik-script.jar;C:/Xilinx/Vivado/2019.1\lib\classes\batik-svg-dom.jar;C:/Xilinx/Vivado/2019.1\lib\classes\batik-swing.jar;C:/Xilinx/Vivado/2019.1\lib\classes\batik-transcoder.jar;C:/Xilinx/Vivado/2019.1\lib\classes\batik-util.jar;C:/Xilinx/Vivado/2019.1\lib\classes\batik-xml.jar;C:/Xilinx/Vivado/2019.1\lib\classes\com.google.gson_2.7.0.v20170129-0911.jar;C:/Xilinx/Vivado/2019.1\lib\classes\com.google.guava_21.0.0.v20170206-1425.jar;C:/Xilinx/Vivado/2019.1\lib\classes\com.google.inject_3.0.0.v201605172100.jar;C:/Xilinx/Vivado/2019.1\lib\classes\com.ibm.icu_4.4.2.v20110208.jar;C:/Xilinx/Vivado/2019.1\lib\classes\com.sigasi.hdt.annotations.runtime_4.3.0.201903071210.jar;C:/Xilinx/Vivado/2019.1\lib\classes\com.sigasi.hdt.blockdiagram.model_4.3.0.201903071210.jar;C:/Xilinx/Vivado/2019.1\lib\classes\com.sigasi.hdt.connection_4.3.0.201903071210.jar;C:/Xilinx/Vivado/2019.1\lib\classes\com.sigasi.hdt.dependencies.model_4.3.0.201903071210.jar;C:/Xilinx/Vivado/2019.1\lib\classes\com.sigasi.hdt.epl_4.3.0.201903071210.jar;C:/Xilinx/Vivado/2019.1\lib\classes\com.sigasi.hdt.graphics.model_4.3.0.201903071210.jar;C:/Xilinx/Vivado/2019.1\lib\classes\com.sigasi.hdt.project_4.3.0
Launcher Type: generic

Logging:
Log output configuration:
#0: stdout all=warning uptime,level,tags
#1: stderr all=off uptime,level,tags

Environment Variables:
PATH=C:/Xilinx/Vivado/2019.1/bin;C:/Xilinx/Vivado/2019.1/lib/win64.o;C:/Xilinx/Vivado/2019.1/tps/win64/jre9.0.4/bin/server;C:/Xilinx/Vivado/2019.1/tps/win64/jre9.0.4/bin;C:/Xilinx/SDK/2019.1/bin;C:/Xilinx/Vivado/2019.1/ids_lite/ISE/bin/nt64;C:/Xilinx/Vivado/2019.1/ids_lite/ISE/lib/nt64;C:\windows\system32;C:\windows;C:\windows\System32\Wbem;C:\windows\System32\WindowsPowerShell\v1.0\;C:\windows\System32\OpenSSH\;C:\Program Files (x86)\NVIDIA Corporation\PhysX\Common;C:\Program Files\NVIDIA Corporation\NVIDIA NvDLISR;C:\Program Files\WindowsPowerShell\Scripts\HP.ClientScriptLibrary;C:\Program Files\Git\cmd;C:\Users\Hp\AppData\Local\Programs\Python\Python312\Scripts\;C:\Users\Hp\AppData\Local\Programs\Python\Python312\;C:\Users\Hp\AppData\Local\Microsoft\WindowsApps;C:\Users\Hp\AppData\Local\Programs\Microsoft VS Code\bin;C:/Xilinx/Vivado/2019.1\tps\mingw\6.2.0\win64.o\nt\bin;C:/Xilinx/Vivado/2019.1\tps\mingw\6.2.0\win64.o\nt\libexec\gcc\x86_64-w64-mingw32\6.2.0;C:/Xilinx/Vivado/2019.1\tps\win64\python-2.7.5;C:/Xilinx/Vivado/2019.1\tps\win64\python-2.7.5\lib;C:/Xilinx/Vivado/2019.1\tps\win64\python-2.7.5\Lib\lib-tk;C:/Xilinx/Vivado/2019.1\tps\win64\python-2.7.5\lib\site-packages
USERNAME=Aneesh
OS=Windows_NT
PROCESSOR_IDENTIFIER=AMD64 Family 25 Model 68 Stepping 1, AuthenticAMD



---------------  S Y S T E M  ---------------

OS: Windows 10 , 64 bit Build 22621 (10.0.22621.4830)

CPU:total 12 (initial active 12) (12 cores per cpu, 1 threads per core) family 25 model 68 stepping 1, cmov, cx8, fxsr, mmx, sse, sse2, sse3, ssse3, sse4.1, sse4.2, popcnt, avx, avx2, aes, clmul, erms, mmxext, 3dnowpref, lzcnt, sse4a, tsc, tscinvbit, tscinv, bmi1

Memory: 4k page, physical 15947116k(8085128k free), swap 31675756k(17683588k free)

vm_info: Java HotSpot(TM) 64-Bit Server VM (9.0.4+11) for windows-amd64 JRE (9.0.4+11), built on Dec 20 2017 02:18:54 by "mach5one" with MS VC++ 12.0 (VS2013)

END.
